start-------
0
5000
10000
15000
20000
25000
30000
35000
40000
45000
50000
55000
60000
65000
70000
75000
80000
85000
90000
95000
100000
105000
110000
115000
120000
125000
130000
135000
140000
145000
150000
155000
160000
165000
170000
175000
180000
185000
190000
195000
200000
205000
210000
215000
220000
225000
230000
235000
240000
245000
250000
255000
260000
265000
270000
275000
280000
285000
290000
295000
300000
305000
310000
315000
320000
325000
330000
335000
340000
345000
350000
355000
360000
365000
370000
375000
380000
385000
390000
395000
400000
405000
410000
415000
420000
425000
430000
435000
440000
445000
450000
455000
460000
465000
470000
475000
480000
485000
490000
495000
500000
505000
510000
515000
520000
525000
530000
535000
540000
545000
550000
555000
560000
565000
570000
575000
580000
585000
590000
595000
600000
(603328, 128)
start clustering---------
benign accuracy
0.7333274769279728
test1
4517
10
39939
48473
0.9977910315882483
0.5482626792743066
0.45173732072569334
0.002208968411751712
test1
Threshold: 0.3

True Positives: 4512
False Negatives: 15
False Positives: 5502
True Negatives: 82910

Accuracy
0.9406384833062547

True Positive Rate
0.9966865473823724
True Negative Rate
0.9377686286929376
False Positive Rate
0.06223137130706239
False Negative Rate
0.0033134526176275677
