start-------
0
5000
10000
15000
20000
25000
30000
35000
40000
45000
50000
55000
60000
65000
70000
75000
80000
85000
90000
95000
100000
105000
110000
115000
120000
125000
130000
135000
140000
145000
150000
155000
160000
165000
170000
175000
180000
185000
190000
195000
200000
205000
210000
215000
220000
225000
230000
235000
240000
245000
250000
255000
260000
265000
270000
275000
280000
285000
290000
295000
300000
305000
310000
(313139, 128)
start clustering---------
benign accuracy
0.8453530221403275
test1
15036
2
237492
141124
0.9998670035909031
0.3727364929110233
0.6272635070889767
0.0001329964090969544
test1
Threshold: 0.3

True Positives: 15032
False Negatives: 6
False Positives: 4219
True Negatives: 374397

Accuracy
0.9892672245169616

True Positive Rate
0.9996010107727091
True Negative Rate
0.9888567836541509
False Positive Rate
0.011143216345849093
False Negative Rate
0.00039898922729086314
