INFO:tensorflow:*** Input Files ***
INFO:tensorflow:  ../training_data/AblationTwo/S2.tfrecord
WARNING:tensorflow:Estimator's model_fn (<function model_fn_builder.<locals>.model_fn at 0x7f0d18abea60>) includes params argument, but params are not passed to Estimator.
INFO:tensorflow:Using config: {'_task_type': 'worker', '_session_config': allow_soft_placement: true
graph_options {
  rewrite_options {
    meta_optimizer_iterations: ONE
  }
}
, '_tf_random_seed': None, '_global_id_in_cluster': 0, '_eval_distribute': None, '_save_checkpoints_secs': None, '_keep_checkpoint_max': 5, '_service': None, '_task_id': 0, '_tpu_config': TPUConfig(iterations_per_loop=1000, num_shards=8, num_cores_per_replica=None, per_host_input_for_training=3, tpu_job_name=None, initial_infeed_sleep_secs=None, input_partition_dims=None), '_cluster_spec': <tensorflow.python.training.server_lib.ClusterSpec object at 0x7f0cec099f28>, '_is_chief': True, '_keep_checkpoint_every_n_hours': 10000, '_save_summary_steps': 100, '_cluster': None, '_model_dir': '../models/AblationTwo/S2', '_evaluation_master': '', '_train_distribute': None, '_device_fn': None, '_log_step_count_steps': None, '_save_checkpoints_steps': 1000, '_master': '', '_experimental_distribute': None, '_protocol': None, '_num_worker_replicas': 1, '_num_ps_replicas': 0}
INFO:tensorflow:_TPUContext: eval_on_tpu True
WARNING:tensorflow:eval_on_tpu ignored because use_tpu is False.
INFO:tensorflow:***** Running training *****
INFO:tensorflow:  Batch size = 4
INFO:tensorflow:Calling model_fn.
INFO:tensorflow:Running train on CPU
INFO:tensorflow:*** Features ***
INFO:tensorflow:  name = input_ids, shape = (4, 32)
INFO:tensorflow:  name = input_mask, shape = (4, 32)
INFO:tensorflow:  name = masked_lm_ids, shape = (4, 20)
INFO:tensorflow:  name = masked_lm_positions, shape = (4, 20)
INFO:tensorflow:  name = masked_lm_weights, shape = (4, 20)
INFO:tensorflow:  name = next_sentence_labels, shape = (4, 1)
INFO:tensorflow:  name = segment_ids, shape = (4, 32)
INFO:tensorflow:**** Trainable Variables ****
INFO:tensorflow:  name = bert/embeddings/word_embeddings:0, shape = (30522, 128), *INIT_FROM_CKPT*
INFO:tensorflow:  name = bert/embeddings/token_type_embeddings:0, shape = (2, 128), *INIT_FROM_CKPT*
INFO:tensorflow:  name = bert/embeddings/position_embeddings:0, shape = (512, 128), *INIT_FROM_CKPT*
INFO:tensorflow:  name = bert/embeddings/LayerNorm/beta:0, shape = (128,), *INIT_FROM_CKPT*
INFO:tensorflow:  name = bert/embeddings/LayerNorm/gamma:0, shape = (128,), *INIT_FROM_CKPT*
INFO:tensorflow:  name = bert/encoder/layer_0/attention/self/query/kernel:0, shape = (128, 128), *INIT_FROM_CKPT*
INFO:tensorflow:  name = bert/encoder/layer_0/attention/self/query/bias:0, shape = (128,), *INIT_FROM_CKPT*
INFO:tensorflow:  name = bert/encoder/layer_0/attention/self/key/kernel:0, shape = (128, 128), *INIT_FROM_CKPT*
INFO:tensorflow:  name = bert/encoder/layer_0/attention/self/key/bias:0, shape = (128,), *INIT_FROM_CKPT*
INFO:tensorflow:  name = bert/encoder/layer_0/attention/self/value/kernel:0, shape = (128, 128), *INIT_FROM_CKPT*
INFO:tensorflow:  name = bert/encoder/layer_0/attention/self/value/bias:0, shape = (128,), *INIT_FROM_CKPT*
INFO:tensorflow:  name = bert/encoder/layer_0/attention/output/dense/kernel:0, shape = (128, 128), *INIT_FROM_CKPT*
INFO:tensorflow:  name = bert/encoder/layer_0/attention/output/dense/bias:0, shape = (128,), *INIT_FROM_CKPT*
INFO:tensorflow:  name = bert/encoder/layer_0/attention/output/LayerNorm/beta:0, shape = (128,), *INIT_FROM_CKPT*
INFO:tensorflow:  name = bert/encoder/layer_0/attention/output/LayerNorm/gamma:0, shape = (128,), *INIT_FROM_CKPT*
INFO:tensorflow:  name = bert/encoder/layer_0/intermediate/dense/kernel:0, shape = (128, 512), *INIT_FROM_CKPT*
INFO:tensorflow:  name = bert/encoder/layer_0/intermediate/dense/bias:0, shape = (512,), *INIT_FROM_CKPT*
INFO:tensorflow:  name = bert/encoder/layer_0/output/dense/kernel:0, shape = (512, 128), *INIT_FROM_CKPT*
INFO:tensorflow:  name = bert/encoder/layer_0/output/dense/bias:0, shape = (128,), *INIT_FROM_CKPT*
INFO:tensorflow:  name = bert/encoder/layer_0/output/LayerNorm/beta:0, shape = (128,), *INIT_FROM_CKPT*
INFO:tensorflow:  name = bert/encoder/layer_0/output/LayerNorm/gamma:0, shape = (128,), *INIT_FROM_CKPT*
INFO:tensorflow:  name = bert/encoder/layer_1/attention/self/query/kernel:0, shape = (128, 128), *INIT_FROM_CKPT*
INFO:tensorflow:  name = bert/encoder/layer_1/attention/self/query/bias:0, shape = (128,), *INIT_FROM_CKPT*
INFO:tensorflow:  name = bert/encoder/layer_1/attention/self/key/kernel:0, shape = (128, 128), *INIT_FROM_CKPT*
INFO:tensorflow:  name = bert/encoder/layer_1/attention/self/key/bias:0, shape = (128,), *INIT_FROM_CKPT*
INFO:tensorflow:  name = bert/encoder/layer_1/attention/self/value/kernel:0, shape = (128, 128), *INIT_FROM_CKPT*
INFO:tensorflow:  name = bert/encoder/layer_1/attention/self/value/bias:0, shape = (128,), *INIT_FROM_CKPT*
INFO:tensorflow:  name = bert/encoder/layer_1/attention/output/dense/kernel:0, shape = (128, 128), *INIT_FROM_CKPT*
INFO:tensorflow:  name = bert/encoder/layer_1/attention/output/dense/bias:0, shape = (128,), *INIT_FROM_CKPT*
INFO:tensorflow:  name = bert/encoder/layer_1/attention/output/LayerNorm/beta:0, shape = (128,), *INIT_FROM_CKPT*
INFO:tensorflow:  name = bert/encoder/layer_1/attention/output/LayerNorm/gamma:0, shape = (128,), *INIT_FROM_CKPT*
INFO:tensorflow:  name = bert/encoder/layer_1/intermediate/dense/kernel:0, shape = (128, 512), *INIT_FROM_CKPT*
INFO:tensorflow:  name = bert/encoder/layer_1/intermediate/dense/bias:0, shape = (512,), *INIT_FROM_CKPT*
INFO:tensorflow:  name = bert/encoder/layer_1/output/dense/kernel:0, shape = (512, 128), *INIT_FROM_CKPT*
INFO:tensorflow:  name = bert/encoder/layer_1/output/dense/bias:0, shape = (128,), *INIT_FROM_CKPT*
INFO:tensorflow:  name = bert/encoder/layer_1/output/LayerNorm/beta:0, shape = (128,), *INIT_FROM_CKPT*
INFO:tensorflow:  name = bert/encoder/layer_1/output/LayerNorm/gamma:0, shape = (128,), *INIT_FROM_CKPT*
INFO:tensorflow:  name = bert/encoder/layer_2/attention/self/query/kernel:0, shape = (128, 128), *INIT_FROM_CKPT*
INFO:tensorflow:  name = bert/encoder/layer_2/attention/self/query/bias:0, shape = (128,), *INIT_FROM_CKPT*
INFO:tensorflow:  name = bert/encoder/layer_2/attention/self/key/kernel:0, shape = (128, 128), *INIT_FROM_CKPT*
INFO:tensorflow:  name = bert/encoder/layer_2/attention/self/key/bias:0, shape = (128,), *INIT_FROM_CKPT*
INFO:tensorflow:  name = bert/encoder/layer_2/attention/self/value/kernel:0, shape = (128, 128), *INIT_FROM_CKPT*
INFO:tensorflow:  name = bert/encoder/layer_2/attention/self/value/bias:0, shape = (128,), *INIT_FROM_CKPT*
INFO:tensorflow:  name = bert/encoder/layer_2/attention/output/dense/kernel:0, shape = (128, 128), *INIT_FROM_CKPT*
INFO:tensorflow:  name = bert/encoder/layer_2/attention/output/dense/bias:0, shape = (128,), *INIT_FROM_CKPT*
INFO:tensorflow:  name = bert/encoder/layer_2/attention/output/LayerNorm/beta:0, shape = (128,), *INIT_FROM_CKPT*
INFO:tensorflow:  name = bert/encoder/layer_2/attention/output/LayerNorm/gamma:0, shape = (128,), *INIT_FROM_CKPT*
INFO:tensorflow:  name = bert/encoder/layer_2/intermediate/dense/kernel:0, shape = (128, 512), *INIT_FROM_CKPT*
INFO:tensorflow:  name = bert/encoder/layer_2/intermediate/dense/bias:0, shape = (512,), *INIT_FROM_CKPT*
INFO:tensorflow:  name = bert/encoder/layer_2/output/dense/kernel:0, shape = (512, 128), *INIT_FROM_CKPT*
INFO:tensorflow:  name = bert/encoder/layer_2/output/dense/bias:0, shape = (128,), *INIT_FROM_CKPT*
INFO:tensorflow:  name = bert/encoder/layer_2/output/LayerNorm/beta:0, shape = (128,), *INIT_FROM_CKPT*
INFO:tensorflow:  name = bert/encoder/layer_2/output/LayerNorm/gamma:0, shape = (128,), *INIT_FROM_CKPT*
INFO:tensorflow:  name = bert/encoder/layer_3/attention/self/query/kernel:0, shape = (128, 128), *INIT_FROM_CKPT*
INFO:tensorflow:  name = bert/encoder/layer_3/attention/self/query/bias:0, shape = (128,), *INIT_FROM_CKPT*
INFO:tensorflow:  name = bert/encoder/layer_3/attention/self/key/kernel:0, shape = (128, 128), *INIT_FROM_CKPT*
INFO:tensorflow:  name = bert/encoder/layer_3/attention/self/key/bias:0, shape = (128,), *INIT_FROM_CKPT*
INFO:tensorflow:  name = bert/encoder/layer_3/attention/self/value/kernel:0, shape = (128, 128), *INIT_FROM_CKPT*
INFO:tensorflow:  name = bert/encoder/layer_3/attention/self/value/bias:0, shape = (128,), *INIT_FROM_CKPT*
INFO:tensorflow:  name = bert/encoder/layer_3/attention/output/dense/kernel:0, shape = (128, 128), *INIT_FROM_CKPT*
INFO:tensorflow:  name = bert/encoder/layer_3/attention/output/dense/bias:0, shape = (128,), *INIT_FROM_CKPT*
INFO:tensorflow:  name = bert/encoder/layer_3/attention/output/LayerNorm/beta:0, shape = (128,), *INIT_FROM_CKPT*
INFO:tensorflow:  name = bert/encoder/layer_3/attention/output/LayerNorm/gamma:0, shape = (128,), *INIT_FROM_CKPT*
INFO:tensorflow:  name = bert/encoder/layer_3/intermediate/dense/kernel:0, shape = (128, 512), *INIT_FROM_CKPT*
INFO:tensorflow:  name = bert/encoder/layer_3/intermediate/dense/bias:0, shape = (512,), *INIT_FROM_CKPT*
INFO:tensorflow:  name = bert/encoder/layer_3/output/dense/kernel:0, shape = (512, 128), *INIT_FROM_CKPT*
INFO:tensorflow:  name = bert/encoder/layer_3/output/dense/bias:0, shape = (128,), *INIT_FROM_CKPT*
INFO:tensorflow:  name = bert/encoder/layer_3/output/LayerNorm/beta:0, shape = (128,), *INIT_FROM_CKPT*
INFO:tensorflow:  name = bert/encoder/layer_3/output/LayerNorm/gamma:0, shape = (128,), *INIT_FROM_CKPT*
INFO:tensorflow:  name = bert/encoder/layer_4/attention/self/query/kernel:0, shape = (128, 128), *INIT_FROM_CKPT*
INFO:tensorflow:  name = bert/encoder/layer_4/attention/self/query/bias:0, shape = (128,), *INIT_FROM_CKPT*
INFO:tensorflow:  name = bert/encoder/layer_4/attention/self/key/kernel:0, shape = (128, 128), *INIT_FROM_CKPT*
INFO:tensorflow:  name = bert/encoder/layer_4/attention/self/key/bias:0, shape = (128,), *INIT_FROM_CKPT*
INFO:tensorflow:  name = bert/encoder/layer_4/attention/self/value/kernel:0, shape = (128, 128), *INIT_FROM_CKPT*
INFO:tensorflow:  name = bert/encoder/layer_4/attention/self/value/bias:0, shape = (128,), *INIT_FROM_CKPT*
INFO:tensorflow:  name = bert/encoder/layer_4/attention/output/dense/kernel:0, shape = (128, 128), *INIT_FROM_CKPT*
INFO:tensorflow:  name = bert/encoder/layer_4/attention/output/dense/bias:0, shape = (128,), *INIT_FROM_CKPT*
INFO:tensorflow:  name = bert/encoder/layer_4/attention/output/LayerNorm/beta:0, shape = (128,), *INIT_FROM_CKPT*
INFO:tensorflow:  name = bert/encoder/layer_4/attention/output/LayerNorm/gamma:0, shape = (128,), *INIT_FROM_CKPT*
INFO:tensorflow:  name = bert/encoder/layer_4/intermediate/dense/kernel:0, shape = (128, 512), *INIT_FROM_CKPT*
INFO:tensorflow:  name = bert/encoder/layer_4/intermediate/dense/bias:0, shape = (512,), *INIT_FROM_CKPT*
INFO:tensorflow:  name = bert/encoder/layer_4/output/dense/kernel:0, shape = (512, 128), *INIT_FROM_CKPT*
INFO:tensorflow:  name = bert/encoder/layer_4/output/dense/bias:0, shape = (128,), *INIT_FROM_CKPT*
INFO:tensorflow:  name = bert/encoder/layer_4/output/LayerNorm/beta:0, shape = (128,), *INIT_FROM_CKPT*
INFO:tensorflow:  name = bert/encoder/layer_4/output/LayerNorm/gamma:0, shape = (128,), *INIT_FROM_CKPT*
INFO:tensorflow:  name = bert/encoder/layer_5/attention/self/query/kernel:0, shape = (128, 128), *INIT_FROM_CKPT*
INFO:tensorflow:  name = bert/encoder/layer_5/attention/self/query/bias:0, shape = (128,), *INIT_FROM_CKPT*
INFO:tensorflow:  name = bert/encoder/layer_5/attention/self/key/kernel:0, shape = (128, 128), *INIT_FROM_CKPT*
INFO:tensorflow:  name = bert/encoder/layer_5/attention/self/key/bias:0, shape = (128,), *INIT_FROM_CKPT*
INFO:tensorflow:  name = bert/encoder/layer_5/attention/self/value/kernel:0, shape = (128, 128), *INIT_FROM_CKPT*
INFO:tensorflow:  name = bert/encoder/layer_5/attention/self/value/bias:0, shape = (128,), *INIT_FROM_CKPT*
INFO:tensorflow:  name = bert/encoder/layer_5/attention/output/dense/kernel:0, shape = (128, 128), *INIT_FROM_CKPT*
INFO:tensorflow:  name = bert/encoder/layer_5/attention/output/dense/bias:0, shape = (128,), *INIT_FROM_CKPT*
INFO:tensorflow:  name = bert/encoder/layer_5/attention/output/LayerNorm/beta:0, shape = (128,), *INIT_FROM_CKPT*
INFO:tensorflow:  name = bert/encoder/layer_5/attention/output/LayerNorm/gamma:0, shape = (128,), *INIT_FROM_CKPT*
INFO:tensorflow:  name = bert/encoder/layer_5/intermediate/dense/kernel:0, shape = (128, 512), *INIT_FROM_CKPT*
INFO:tensorflow:  name = bert/encoder/layer_5/intermediate/dense/bias:0, shape = (512,), *INIT_FROM_CKPT*
INFO:tensorflow:  name = bert/encoder/layer_5/output/dense/kernel:0, shape = (512, 128), *INIT_FROM_CKPT*
INFO:tensorflow:  name = bert/encoder/layer_5/output/dense/bias:0, shape = (128,), *INIT_FROM_CKPT*
INFO:tensorflow:  name = bert/encoder/layer_5/output/LayerNorm/beta:0, shape = (128,), *INIT_FROM_CKPT*
INFO:tensorflow:  name = bert/encoder/layer_5/output/LayerNorm/gamma:0, shape = (128,), *INIT_FROM_CKPT*
INFO:tensorflow:  name = bert/pooler/dense/kernel:0, shape = (128, 128), *INIT_FROM_CKPT*
INFO:tensorflow:  name = bert/pooler/dense/bias:0, shape = (128,), *INIT_FROM_CKPT*
INFO:tensorflow:  name = cls/predictions/transform/dense/kernel:0, shape = (128, 128), *INIT_FROM_CKPT*
INFO:tensorflow:  name = cls/predictions/transform/dense/bias:0, shape = (128,), *INIT_FROM_CKPT*
INFO:tensorflow:  name = cls/predictions/transform/LayerNorm/beta:0, shape = (128,), *INIT_FROM_CKPT*
INFO:tensorflow:  name = cls/predictions/transform/LayerNorm/gamma:0, shape = (128,), *INIT_FROM_CKPT*
INFO:tensorflow:  name = cls/predictions/output_bias:0, shape = (30522,), *INIT_FROM_CKPT*
INFO:tensorflow:  name = cls/seq_relationship/output_weights:0, shape = (2, 128), *INIT_FROM_CKPT*
INFO:tensorflow:  name = cls/seq_relationship/output_bias:0, shape = (2,), *INIT_FROM_CKPT*
INFO:tensorflow:Done calling model_fn.
INFO:tensorflow:Create CheckpointSaverHook.
INFO:tensorflow:Graph was finalized.
2024-03-24 18:26:34.316954: I tensorflow/core/platform/cpu_feature_guard.cc:141] Your CPU supports instructions that this TensorFlow binary was not compiled to use: AVX2 AVX512F FMA
2024-03-24 18:26:34.498532: I tensorflow/core/common_runtime/gpu/gpu_device.cc:1411] Found device 0 with properties: 
name: Tesla V100-PCIE-32GB major: 7 minor: 0 memoryClockRate(GHz): 1.38
pciBusID: 0000:3b:00.0
totalMemory: 31.73GiB freeMemory: 31.43GiB
2024-03-24 18:26:34.498630: I tensorflow/core/common_runtime/gpu/gpu_device.cc:1490] Adding visible gpu devices: 0
2024-03-24 18:26:35.161381: I tensorflow/core/common_runtime/gpu/gpu_device.cc:971] Device interconnect StreamExecutor with strength 1 edge matrix:
2024-03-24 18:26:35.161515: I tensorflow/core/common_runtime/gpu/gpu_device.cc:977]      0 
2024-03-24 18:26:35.161535: I tensorflow/core/common_runtime/gpu/gpu_device.cc:990] 0:   N 
2024-03-24 18:26:35.161773: I tensorflow/core/common_runtime/gpu/gpu_device.cc:1103] Created TensorFlow device (/job:localhost/replica:0/task:0/device:GPU:0 with 30495 MB memory) -> physical GPU (device: 0, name: Tesla V100-PCIE-32GB, pci bus id: 0000:3b:00.0, compute capability: 7.0)
INFO:tensorflow:Running local_init_op.
INFO:tensorflow:Done running local_init_op.
INFO:tensorflow:Saving checkpoints for 0 into ../models/AblationTwo/S2/model.ckpt.
INFO:tensorflow:global_step/sec: 10.4387
INFO:tensorflow:examples/sec: 41.7549
INFO:tensorflow:global_step/sec: 27.2341
INFO:tensorflow:examples/sec: 108.936
INFO:tensorflow:global_step/sec: 27.0156
INFO:tensorflow:examples/sec: 108.063
INFO:tensorflow:global_step/sec: 27.7905
INFO:tensorflow:examples/sec: 111.162
INFO:tensorflow:global_step/sec: 26.884
INFO:tensorflow:examples/sec: 107.536
INFO:tensorflow:global_step/sec: 27.4435
INFO:tensorflow:examples/sec: 109.774
INFO:tensorflow:global_step/sec: 26.9344
INFO:tensorflow:examples/sec: 107.738
INFO:tensorflow:global_step/sec: 26.7739
INFO:tensorflow:examples/sec: 107.096
INFO:tensorflow:global_step/sec: 26.8954
INFO:tensorflow:examples/sec: 107.582
INFO:tensorflow:Saving checkpoints for 1000 into ../models/AblationTwo/S2/model.ckpt.
INFO:tensorflow:global_step/sec: 18.9474
INFO:tensorflow:examples/sec: 75.7896
INFO:tensorflow:global_step/sec: 26.9561
INFO:tensorflow:examples/sec: 107.824
INFO:tensorflow:global_step/sec: 26.8031
INFO:tensorflow:examples/sec: 107.212
INFO:tensorflow:global_step/sec: 27.5839
INFO:tensorflow:examples/sec: 110.336
INFO:tensorflow:global_step/sec: 26.9773
INFO:tensorflow:examples/sec: 107.909
INFO:tensorflow:global_step/sec: 27.0532
INFO:tensorflow:examples/sec: 108.213
INFO:tensorflow:global_step/sec: 27.146
INFO:tensorflow:examples/sec: 108.584
INFO:tensorflow:global_step/sec: 26.8731
INFO:tensorflow:examples/sec: 107.492
INFO:tensorflow:global_step/sec: 27.1122
INFO:tensorflow:examples/sec: 108.449
INFO:tensorflow:global_step/sec: 27.6116
INFO:tensorflow:examples/sec: 110.447
INFO:tensorflow:Saving checkpoints for 2000 into ../models/AblationTwo/S2/model.ckpt.
INFO:tensorflow:global_step/sec: 18.2887
INFO:tensorflow:examples/sec: 73.1549
INFO:tensorflow:global_step/sec: 26.4597
INFO:tensorflow:examples/sec: 105.839
INFO:tensorflow:global_step/sec: 26.4777
INFO:tensorflow:examples/sec: 105.911
INFO:tensorflow:global_step/sec: 27.1738
INFO:tensorflow:examples/sec: 108.695
INFO:tensorflow:global_step/sec: 26.6838
INFO:tensorflow:examples/sec: 106.735
INFO:tensorflow:global_step/sec: 27.3492
INFO:tensorflow:examples/sec: 109.397
INFO:tensorflow:global_step/sec: 26.5612
INFO:tensorflow:examples/sec: 106.245
INFO:tensorflow:global_step/sec: 27.0405
INFO:tensorflow:examples/sec: 108.162
INFO:tensorflow:global_step/sec: 26.2175
INFO:tensorflow:examples/sec: 104.87
INFO:tensorflow:global_step/sec: 26.8998
INFO:tensorflow:examples/sec: 107.599
INFO:tensorflow:Saving checkpoints for 3000 into ../models/AblationTwo/S2/model.ckpt.
INFO:tensorflow:global_step/sec: 18.5
INFO:tensorflow:examples/sec: 73.9998
INFO:tensorflow:global_step/sec: 26.7134
INFO:tensorflow:examples/sec: 106.853
INFO:tensorflow:global_step/sec: 27.2386
INFO:tensorflow:examples/sec: 108.955
INFO:tensorflow:global_step/sec: 27.3027
INFO:tensorflow:examples/sec: 109.211
INFO:tensorflow:global_step/sec: 27.1651
INFO:tensorflow:examples/sec: 108.66
INFO:tensorflow:global_step/sec: 26.7761
INFO:tensorflow:examples/sec: 107.105
INFO:tensorflow:global_step/sec: 26.8671
INFO:tensorflow:examples/sec: 107.468
INFO:tensorflow:global_step/sec: 26.9654
INFO:tensorflow:examples/sec: 107.862
INFO:tensorflow:global_step/sec: 26.5399
INFO:tensorflow:examples/sec: 106.16
INFO:tensorflow:global_step/sec: 26.9778
INFO:tensorflow:examples/sec: 107.911
INFO:tensorflow:Saving checkpoints for 4000 into ../models/AblationTwo/S2/model.ckpt.
INFO:tensorflow:global_step/sec: 18.8175
INFO:tensorflow:examples/sec: 75.2701
INFO:tensorflow:global_step/sec: 26.8935
INFO:tensorflow:examples/sec: 107.574
INFO:tensorflow:global_step/sec: 27.1085
INFO:tensorflow:examples/sec: 108.434
INFO:tensorflow:global_step/sec: 26.9129
INFO:tensorflow:examples/sec: 107.651
INFO:tensorflow:global_step/sec: 26.3068
INFO:tensorflow:examples/sec: 105.227
INFO:tensorflow:global_step/sec: 26.6194
INFO:tensorflow:examples/sec: 106.477
INFO:tensorflow:global_step/sec: 26.8107
INFO:tensorflow:examples/sec: 107.243
INFO:tensorflow:global_step/sec: 27.1891
INFO:tensorflow:examples/sec: 108.756
INFO:tensorflow:global_step/sec: 27.0776
INFO:tensorflow:examples/sec: 108.31
INFO:tensorflow:global_step/sec: 26.6759
INFO:tensorflow:examples/sec: 106.704
INFO:tensorflow:Saving checkpoints for 5000 into ../models/AblationTwo/S2/model.ckpt.
INFO:tensorflow:global_step/sec: 17.936
INFO:tensorflow:examples/sec: 71.7438
INFO:tensorflow:global_step/sec: 27.1361
INFO:tensorflow:examples/sec: 108.544
INFO:tensorflow:global_step/sec: 26.6425
INFO:tensorflow:examples/sec: 106.57
INFO:tensorflow:global_step/sec: 27.3654
INFO:tensorflow:examples/sec: 109.462
INFO:tensorflow:global_step/sec: 26.6025
INFO:tensorflow:examples/sec: 106.41
INFO:tensorflow:global_step/sec: 26.3064
INFO:tensorflow:examples/sec: 105.225
INFO:tensorflow:global_step/sec: 26.9895
INFO:tensorflow:examples/sec: 107.958
INFO:tensorflow:global_step/sec: 26.7106
INFO:tensorflow:examples/sec: 106.842
INFO:tensorflow:global_step/sec: 27.0111
INFO:tensorflow:examples/sec: 108.044
INFO:tensorflow:global_step/sec: 26.9192
INFO:tensorflow:examples/sec: 107.677
INFO:tensorflow:Saving checkpoints for 6000 into ../models/AblationTwo/S2/model.ckpt.
INFO:tensorflow:global_step/sec: 17.8944
INFO:tensorflow:examples/sec: 71.5775
INFO:tensorflow:global_step/sec: 26.9189
INFO:tensorflow:examples/sec: 107.676
INFO:tensorflow:global_step/sec: 27.4
INFO:tensorflow:examples/sec: 109.6
INFO:tensorflow:global_step/sec: 26.8224
INFO:tensorflow:examples/sec: 107.29
INFO:tensorflow:global_step/sec: 26.1918
INFO:tensorflow:examples/sec: 104.767
INFO:tensorflow:global_step/sec: 26.8208
INFO:tensorflow:examples/sec: 107.283
INFO:tensorflow:global_step/sec: 26.8333
INFO:tensorflow:examples/sec: 107.333
INFO:tensorflow:global_step/sec: 26.4055
INFO:tensorflow:examples/sec: 105.622
INFO:tensorflow:global_step/sec: 26.5267
INFO:tensorflow:examples/sec: 106.107
INFO:tensorflow:global_step/sec: 27.0365
INFO:tensorflow:examples/sec: 108.146
INFO:tensorflow:Saving checkpoints for 7000 into ../models/AblationTwo/S2/model.ckpt.
INFO:tensorflow:global_step/sec: 18.4818
INFO:tensorflow:examples/sec: 73.9273
INFO:tensorflow:global_step/sec: 27.6946
INFO:tensorflow:examples/sec: 110.778
INFO:tensorflow:global_step/sec: 28.0216
INFO:tensorflow:examples/sec: 112.086
INFO:tensorflow:global_step/sec: 26.1288
INFO:tensorflow:examples/sec: 104.515
INFO:tensorflow:global_step/sec: 26.2489
INFO:tensorflow:examples/sec: 104.996
INFO:tensorflow:global_step/sec: 26.3175
INFO:tensorflow:examples/sec: 105.27
INFO:tensorflow:global_step/sec: 26.676
INFO:tensorflow:examples/sec: 106.704
INFO:tensorflow:global_step/sec: 27.2205
INFO:tensorflow:examples/sec: 108.882
INFO:tensorflow:global_step/sec: 27.1242
INFO:tensorflow:examples/sec: 108.497
INFO:tensorflow:global_step/sec: 26.6582
INFO:tensorflow:examples/sec: 106.633
INFO:tensorflow:Saving checkpoints for 8000 into ../models/AblationTwo/S2/model.ckpt.
INFO:tensorflow:global_step/sec: 18.2505
INFO:tensorflow:examples/sec: 73.0021
INFO:tensorflow:global_step/sec: 26.8127
INFO:tensorflow:examples/sec: 107.251
INFO:tensorflow:global_step/sec: 27.3923
INFO:tensorflow:examples/sec: 109.569
INFO:tensorflow:global_step/sec: 27.3123
INFO:tensorflow:examples/sec: 109.249
INFO:tensorflow:global_step/sec: 26.9633
INFO:tensorflow:examples/sec: 107.853
INFO:tensorflow:global_step/sec: 27.3919
INFO:tensorflow:examples/sec: 109.568
INFO:tensorflow:global_step/sec: 27.0013
INFO:tensorflow:examples/sec: 108.005
INFO:tensorflow:global_step/sec: 27.7972
INFO:tensorflow:examples/sec: 111.189
INFO:tensorflow:global_step/sec: 27.3919
INFO:tensorflow:examples/sec: 109.568
INFO:tensorflow:global_step/sec: 27.1397
INFO:tensorflow:examples/sec: 108.559
INFO:tensorflow:Saving checkpoints for 9000 into ../models/AblationTwo/S2/model.ckpt.
INFO:tensorflow:global_step/sec: 18.212
INFO:tensorflow:examples/sec: 72.8479
INFO:tensorflow:global_step/sec: 26.922
INFO:tensorflow:examples/sec: 107.688
INFO:tensorflow:global_step/sec: 27.0697
INFO:tensorflow:examples/sec: 108.279
INFO:tensorflow:global_step/sec: 26.9087
INFO:tensorflow:examples/sec: 107.635
INFO:tensorflow:global_step/sec: 27.1225
INFO:tensorflow:examples/sec: 108.49
INFO:tensorflow:global_step/sec: 27.405
INFO:tensorflow:examples/sec: 109.62
INFO:tensorflow:global_step/sec: 26.4501
INFO:tensorflow:examples/sec: 105.8
INFO:tensorflow:global_step/sec: 27.1688
INFO:tensorflow:examples/sec: 108.675
INFO:tensorflow:global_step/sec: 27.2081
INFO:tensorflow:examples/sec: 108.833
INFO:tensorflow:global_step/sec: 27.0409
INFO:tensorflow:examples/sec: 108.164
INFO:tensorflow:Saving checkpoints for 10000 into ../models/AblationTwo/S2/model.ckpt.
INFO:tensorflow:Loss for final step: 0.8981552.
INFO:tensorflow:training_loop marked as finished
INFO:tensorflow:***** Running evaluation *****
INFO:tensorflow:  Batch size = 8
INFO:tensorflow:Calling model_fn.
INFO:tensorflow:Running eval on CPU
INFO:tensorflow:*** Features ***
INFO:tensorflow:  name = input_ids, shape = (8, 32)
INFO:tensorflow:  name = input_mask, shape = (8, 32)
INFO:tensorflow:  name = masked_lm_ids, shape = (8, 20)
INFO:tensorflow:  name = masked_lm_positions, shape = (8, 20)
INFO:tensorflow:  name = masked_lm_weights, shape = (8, 20)
INFO:tensorflow:  name = next_sentence_labels, shape = (8, 1)
INFO:tensorflow:  name = segment_ids, shape = (8, 32)
INFO:tensorflow:**** Trainable Variables ****
INFO:tensorflow:  name = bert/embeddings/word_embeddings:0, shape = (30522, 128), *INIT_FROM_CKPT*
INFO:tensorflow:  name = bert/embeddings/token_type_embeddings:0, shape = (2, 128), *INIT_FROM_CKPT*
INFO:tensorflow:  name = bert/embeddings/position_embeddings:0, shape = (512, 128), *INIT_FROM_CKPT*
INFO:tensorflow:  name = bert/embeddings/LayerNorm/beta:0, shape = (128,), *INIT_FROM_CKPT*
INFO:tensorflow:  name = bert/embeddings/LayerNorm/gamma:0, shape = (128,), *INIT_FROM_CKPT*
INFO:tensorflow:  name = bert/encoder/layer_0/attention/self/query/kernel:0, shape = (128, 128), *INIT_FROM_CKPT*
INFO:tensorflow:  name = bert/encoder/layer_0/attention/self/query/bias:0, shape = (128,), *INIT_FROM_CKPT*
INFO:tensorflow:  name = bert/encoder/layer_0/attention/self/key/kernel:0, shape = (128, 128), *INIT_FROM_CKPT*
INFO:tensorflow:  name = bert/encoder/layer_0/attention/self/key/bias:0, shape = (128,), *INIT_FROM_CKPT*
INFO:tensorflow:  name = bert/encoder/layer_0/attention/self/value/kernel:0, shape = (128, 128), *INIT_FROM_CKPT*
INFO:tensorflow:  name = bert/encoder/layer_0/attention/self/value/bias:0, shape = (128,), *INIT_FROM_CKPT*
INFO:tensorflow:  name = bert/encoder/layer_0/attention/output/dense/kernel:0, shape = (128, 128), *INIT_FROM_CKPT*
INFO:tensorflow:  name = bert/encoder/layer_0/attention/output/dense/bias:0, shape = (128,), *INIT_FROM_CKPT*
INFO:tensorflow:  name = bert/encoder/layer_0/attention/output/LayerNorm/beta:0, shape = (128,), *INIT_FROM_CKPT*
INFO:tensorflow:  name = bert/encoder/layer_0/attention/output/LayerNorm/gamma:0, shape = (128,), *INIT_FROM_CKPT*
INFO:tensorflow:  name = bert/encoder/layer_0/intermediate/dense/kernel:0, shape = (128, 512), *INIT_FROM_CKPT*
INFO:tensorflow:  name = bert/encoder/layer_0/intermediate/dense/bias:0, shape = (512,), *INIT_FROM_CKPT*
INFO:tensorflow:  name = bert/encoder/layer_0/output/dense/kernel:0, shape = (512, 128), *INIT_FROM_CKPT*
INFO:tensorflow:  name = bert/encoder/layer_0/output/dense/bias:0, shape = (128,), *INIT_FROM_CKPT*
INFO:tensorflow:  name = bert/encoder/layer_0/output/LayerNorm/beta:0, shape = (128,), *INIT_FROM_CKPT*
INFO:tensorflow:  name = bert/encoder/layer_0/output/LayerNorm/gamma:0, shape = (128,), *INIT_FROM_CKPT*
INFO:tensorflow:  name = bert/encoder/layer_1/attention/self/query/kernel:0, shape = (128, 128), *INIT_FROM_CKPT*
INFO:tensorflow:  name = bert/encoder/layer_1/attention/self/query/bias:0, shape = (128,), *INIT_FROM_CKPT*
INFO:tensorflow:  name = bert/encoder/layer_1/attention/self/key/kernel:0, shape = (128, 128), *INIT_FROM_CKPT*
INFO:tensorflow:  name = bert/encoder/layer_1/attention/self/key/bias:0, shape = (128,), *INIT_FROM_CKPT*
INFO:tensorflow:  name = bert/encoder/layer_1/attention/self/value/kernel:0, shape = (128, 128), *INIT_FROM_CKPT*
INFO:tensorflow:  name = bert/encoder/layer_1/attention/self/value/bias:0, shape = (128,), *INIT_FROM_CKPT*
INFO:tensorflow:  name = bert/encoder/layer_1/attention/output/dense/kernel:0, shape = (128, 128), *INIT_FROM_CKPT*
INFO:tensorflow:  name = bert/encoder/layer_1/attention/output/dense/bias:0, shape = (128,), *INIT_FROM_CKPT*
INFO:tensorflow:  name = bert/encoder/layer_1/attention/output/LayerNorm/beta:0, shape = (128,), *INIT_FROM_CKPT*
INFO:tensorflow:  name = bert/encoder/layer_1/attention/output/LayerNorm/gamma:0, shape = (128,), *INIT_FROM_CKPT*
INFO:tensorflow:  name = bert/encoder/layer_1/intermediate/dense/kernel:0, shape = (128, 512), *INIT_FROM_CKPT*
INFO:tensorflow:  name = bert/encoder/layer_1/intermediate/dense/bias:0, shape = (512,), *INIT_FROM_CKPT*
INFO:tensorflow:  name = bert/encoder/layer_1/output/dense/kernel:0, shape = (512, 128), *INIT_FROM_CKPT*
INFO:tensorflow:  name = bert/encoder/layer_1/output/dense/bias:0, shape = (128,), *INIT_FROM_CKPT*
INFO:tensorflow:  name = bert/encoder/layer_1/output/LayerNorm/beta:0, shape = (128,), *INIT_FROM_CKPT*
INFO:tensorflow:  name = bert/encoder/layer_1/output/LayerNorm/gamma:0, shape = (128,), *INIT_FROM_CKPT*
INFO:tensorflow:  name = bert/encoder/layer_2/attention/self/query/kernel:0, shape = (128, 128), *INIT_FROM_CKPT*
INFO:tensorflow:  name = bert/encoder/layer_2/attention/self/query/bias:0, shape = (128,), *INIT_FROM_CKPT*
INFO:tensorflow:  name = bert/encoder/layer_2/attention/self/key/kernel:0, shape = (128, 128), *INIT_FROM_CKPT*
INFO:tensorflow:  name = bert/encoder/layer_2/attention/self/key/bias:0, shape = (128,), *INIT_FROM_CKPT*
INFO:tensorflow:  name = bert/encoder/layer_2/attention/self/value/kernel:0, shape = (128, 128), *INIT_FROM_CKPT*
INFO:tensorflow:  name = bert/encoder/layer_2/attention/self/value/bias:0, shape = (128,), *INIT_FROM_CKPT*
INFO:tensorflow:  name = bert/encoder/layer_2/attention/output/dense/kernel:0, shape = (128, 128), *INIT_FROM_CKPT*
INFO:tensorflow:  name = bert/encoder/layer_2/attention/output/dense/bias:0, shape = (128,), *INIT_FROM_CKPT*
INFO:tensorflow:  name = bert/encoder/layer_2/attention/output/LayerNorm/beta:0, shape = (128,), *INIT_FROM_CKPT*
INFO:tensorflow:  name = bert/encoder/layer_2/attention/output/LayerNorm/gamma:0, shape = (128,), *INIT_FROM_CKPT*
INFO:tensorflow:  name = bert/encoder/layer_2/intermediate/dense/kernel:0, shape = (128, 512), *INIT_FROM_CKPT*
INFO:tensorflow:  name = bert/encoder/layer_2/intermediate/dense/bias:0, shape = (512,), *INIT_FROM_CKPT*
INFO:tensorflow:  name = bert/encoder/layer_2/output/dense/kernel:0, shape = (512, 128), *INIT_FROM_CKPT*
INFO:tensorflow:  name = bert/encoder/layer_2/output/dense/bias:0, shape = (128,), *INIT_FROM_CKPT*
INFO:tensorflow:  name = bert/encoder/layer_2/output/LayerNorm/beta:0, shape = (128,), *INIT_FROM_CKPT*
INFO:tensorflow:  name = bert/encoder/layer_2/output/LayerNorm/gamma:0, shape = (128,), *INIT_FROM_CKPT*
INFO:tensorflow:  name = bert/encoder/layer_3/attention/self/query/kernel:0, shape = (128, 128), *INIT_FROM_CKPT*
INFO:tensorflow:  name = bert/encoder/layer_3/attention/self/query/bias:0, shape = (128,), *INIT_FROM_CKPT*
INFO:tensorflow:  name = bert/encoder/layer_3/attention/self/key/kernel:0, shape = (128, 128), *INIT_FROM_CKPT*
INFO:tensorflow:  name = bert/encoder/layer_3/attention/self/key/bias:0, shape = (128,), *INIT_FROM_CKPT*
INFO:tensorflow:  name = bert/encoder/layer_3/attention/self/value/kernel:0, shape = (128, 128), *INIT_FROM_CKPT*
INFO:tensorflow:  name = bert/encoder/layer_3/attention/self/value/bias:0, shape = (128,), *INIT_FROM_CKPT*
INFO:tensorflow:  name = bert/encoder/layer_3/attention/output/dense/kernel:0, shape = (128, 128), *INIT_FROM_CKPT*
INFO:tensorflow:  name = bert/encoder/layer_3/attention/output/dense/bias:0, shape = (128,), *INIT_FROM_CKPT*
INFO:tensorflow:  name = bert/encoder/layer_3/attention/output/LayerNorm/beta:0, shape = (128,), *INIT_FROM_CKPT*
INFO:tensorflow:  name = bert/encoder/layer_3/attention/output/LayerNorm/gamma:0, shape = (128,), *INIT_FROM_CKPT*
INFO:tensorflow:  name = bert/encoder/layer_3/intermediate/dense/kernel:0, shape = (128, 512), *INIT_FROM_CKPT*
INFO:tensorflow:  name = bert/encoder/layer_3/intermediate/dense/bias:0, shape = (512,), *INIT_FROM_CKPT*
INFO:tensorflow:  name = bert/encoder/layer_3/output/dense/kernel:0, shape = (512, 128), *INIT_FROM_CKPT*
INFO:tensorflow:  name = bert/encoder/layer_3/output/dense/bias:0, shape = (128,), *INIT_FROM_CKPT*
INFO:tensorflow:  name = bert/encoder/layer_3/output/LayerNorm/beta:0, shape = (128,), *INIT_FROM_CKPT*
INFO:tensorflow:  name = bert/encoder/layer_3/output/LayerNorm/gamma:0, shape = (128,), *INIT_FROM_CKPT*
INFO:tensorflow:  name = bert/encoder/layer_4/attention/self/query/kernel:0, shape = (128, 128), *INIT_FROM_CKPT*
INFO:tensorflow:  name = bert/encoder/layer_4/attention/self/query/bias:0, shape = (128,), *INIT_FROM_CKPT*
INFO:tensorflow:  name = bert/encoder/layer_4/attention/self/key/kernel:0, shape = (128, 128), *INIT_FROM_CKPT*
INFO:tensorflow:  name = bert/encoder/layer_4/attention/self/key/bias:0, shape = (128,), *INIT_FROM_CKPT*
INFO:tensorflow:  name = bert/encoder/layer_4/attention/self/value/kernel:0, shape = (128, 128), *INIT_FROM_CKPT*
INFO:tensorflow:  name = bert/encoder/layer_4/attention/self/value/bias:0, shape = (128,), *INIT_FROM_CKPT*
INFO:tensorflow:  name = bert/encoder/layer_4/attention/output/dense/kernel:0, shape = (128, 128), *INIT_FROM_CKPT*
INFO:tensorflow:  name = bert/encoder/layer_4/attention/output/dense/bias:0, shape = (128,), *INIT_FROM_CKPT*
INFO:tensorflow:  name = bert/encoder/layer_4/attention/output/LayerNorm/beta:0, shape = (128,), *INIT_FROM_CKPT*
INFO:tensorflow:  name = bert/encoder/layer_4/attention/output/LayerNorm/gamma:0, shape = (128,), *INIT_FROM_CKPT*
INFO:tensorflow:  name = bert/encoder/layer_4/intermediate/dense/kernel:0, shape = (128, 512), *INIT_FROM_CKPT*
INFO:tensorflow:  name = bert/encoder/layer_4/intermediate/dense/bias:0, shape = (512,), *INIT_FROM_CKPT*
INFO:tensorflow:  name = bert/encoder/layer_4/output/dense/kernel:0, shape = (512, 128), *INIT_FROM_CKPT*
INFO:tensorflow:  name = bert/encoder/layer_4/output/dense/bias:0, shape = (128,), *INIT_FROM_CKPT*
INFO:tensorflow:  name = bert/encoder/layer_4/output/LayerNorm/beta:0, shape = (128,), *INIT_FROM_CKPT*
INFO:tensorflow:  name = bert/encoder/layer_4/output/LayerNorm/gamma:0, shape = (128,), *INIT_FROM_CKPT*
INFO:tensorflow:  name = bert/encoder/layer_5/attention/self/query/kernel:0, shape = (128, 128), *INIT_FROM_CKPT*
INFO:tensorflow:  name = bert/encoder/layer_5/attention/self/query/bias:0, shape = (128,), *INIT_FROM_CKPT*
INFO:tensorflow:  name = bert/encoder/layer_5/attention/self/key/kernel:0, shape = (128, 128), *INIT_FROM_CKPT*
INFO:tensorflow:  name = bert/encoder/layer_5/attention/self/key/bias:0, shape = (128,), *INIT_FROM_CKPT*
INFO:tensorflow:  name = bert/encoder/layer_5/attention/self/value/kernel:0, shape = (128, 128), *INIT_FROM_CKPT*
INFO:tensorflow:  name = bert/encoder/layer_5/attention/self/value/bias:0, shape = (128,), *INIT_FROM_CKPT*
INFO:tensorflow:  name = bert/encoder/layer_5/attention/output/dense/kernel:0, shape = (128, 128), *INIT_FROM_CKPT*
INFO:tensorflow:  name = bert/encoder/layer_5/attention/output/dense/bias:0, shape = (128,), *INIT_FROM_CKPT*
INFO:tensorflow:  name = bert/encoder/layer_5/attention/output/LayerNorm/beta:0, shape = (128,), *INIT_FROM_CKPT*
INFO:tensorflow:  name = bert/encoder/layer_5/attention/output/LayerNorm/gamma:0, shape = (128,), *INIT_FROM_CKPT*
INFO:tensorflow:  name = bert/encoder/layer_5/intermediate/dense/kernel:0, shape = (128, 512), *INIT_FROM_CKPT*
INFO:tensorflow:  name = bert/encoder/layer_5/intermediate/dense/bias:0, shape = (512,), *INIT_FROM_CKPT*
INFO:tensorflow:  name = bert/encoder/layer_5/output/dense/kernel:0, shape = (512, 128), *INIT_FROM_CKPT*
INFO:tensorflow:  name = bert/encoder/layer_5/output/dense/bias:0, shape = (128,), *INIT_FROM_CKPT*
INFO:tensorflow:  name = bert/encoder/layer_5/output/LayerNorm/beta:0, shape = (128,), *INIT_FROM_CKPT*
INFO:tensorflow:  name = bert/encoder/layer_5/output/LayerNorm/gamma:0, shape = (128,), *INIT_FROM_CKPT*
INFO:tensorflow:  name = bert/pooler/dense/kernel:0, shape = (128, 128), *INIT_FROM_CKPT*
INFO:tensorflow:  name = bert/pooler/dense/bias:0, shape = (128,), *INIT_FROM_CKPT*
INFO:tensorflow:  name = cls/predictions/transform/dense/kernel:0, shape = (128, 128), *INIT_FROM_CKPT*
INFO:tensorflow:  name = cls/predictions/transform/dense/bias:0, shape = (128,), *INIT_FROM_CKPT*
INFO:tensorflow:  name = cls/predictions/transform/LayerNorm/beta:0, shape = (128,), *INIT_FROM_CKPT*
INFO:tensorflow:  name = cls/predictions/transform/LayerNorm/gamma:0, shape = (128,), *INIT_FROM_CKPT*
INFO:tensorflow:  name = cls/predictions/output_bias:0, shape = (30522,), *INIT_FROM_CKPT*
INFO:tensorflow:  name = cls/seq_relationship/output_weights:0, shape = (2, 128), *INIT_FROM_CKPT*
INFO:tensorflow:  name = cls/seq_relationship/output_bias:0, shape = (2,), *INIT_FROM_CKPT*
INFO:tensorflow:Done calling model_fn.
INFO:tensorflow:Starting evaluation at 2024-03-24-18:33:36
INFO:tensorflow:Graph was finalized.
2024-03-24 18:33:37.322395: I tensorflow/core/common_runtime/gpu/gpu_device.cc:1490] Adding visible gpu devices: 0
2024-03-24 18:33:37.322546: I tensorflow/core/common_runtime/gpu/gpu_device.cc:971] Device interconnect StreamExecutor with strength 1 edge matrix:
2024-03-24 18:33:37.322588: I tensorflow/core/common_runtime/gpu/gpu_device.cc:977]      0 
2024-03-24 18:33:37.322606: I tensorflow/core/common_runtime/gpu/gpu_device.cc:990] 0:   N 
2024-03-24 18:33:37.322763: I tensorflow/core/common_runtime/gpu/gpu_device.cc:1103] Created TensorFlow device (/job:localhost/replica:0/task:0/device:GPU:0 with 30495 MB memory) -> physical GPU (device: 0, name: Tesla V100-PCIE-32GB, pci bus id: 0000:3b:00.0, compute capability: 7.0)
INFO:tensorflow:Restoring parameters from ../models/AblationTwo/S2/model.ckpt-10000
INFO:tensorflow:Running local_init_op.
INFO:tensorflow:Done running local_init_op.
INFO:tensorflow:Evaluation [10/100]
INFO:tensorflow:Evaluation [20/100]
INFO:tensorflow:Evaluation [30/100]
INFO:tensorflow:Evaluation [40/100]
INFO:tensorflow:Evaluation [50/100]
INFO:tensorflow:Evaluation [60/100]
INFO:tensorflow:Evaluation [70/100]
INFO:tensorflow:Evaluation [80/100]
INFO:tensorflow:Evaluation [90/100]
INFO:tensorflow:Evaluation [100/100]
INFO:tensorflow:Finished evaluation at 2024-03-24-18:33:40
INFO:tensorflow:Saving dict for global step 10000: global_step = 10000, loss = 0.9326128, masked_lm_accuracy = 0.87625, masked_lm_loss = 0.6713899, next_sentence_accuracy = 0.89625, next_sentence_loss = 0.261223
INFO:tensorflow:Saving 'checkpoint_path' summary for global step 10000: ../models/AblationTwo/S2/model.ckpt-10000
INFO:tensorflow:evaluation_loop marked as finished
INFO:tensorflow:***** Eval results *****
INFO:tensorflow:  global_step = 10000
INFO:tensorflow:  loss = 0.9326128
INFO:tensorflow:  masked_lm_accuracy = 0.87625
INFO:tensorflow:  masked_lm_loss = 0.6713899
INFO:tensorflow:  next_sentence_accuracy = 0.89625
INFO:tensorflow:  next_sentence_loss = 0.261223
