start-------
0
5000
10000
15000
20000
25000
30000
35000
40000
45000
50000
55000
60000
65000
70000
75000
80000
85000
90000
95000
100000
105000
110000
115000
120000
125000
130000
135000
140000
145000
150000
155000
160000
165000
170000
175000
180000
185000
190000
195000
200000
205000
210000
215000
220000
225000
230000
235000
240000
245000
250000
255000
260000
265000
270000
275000
280000
285000
290000
295000
300000
305000
310000
(310714, 128)
start clustering---------
benign accuracy
0.8282890375071609
test1
15030
4
200715
176577
0.9997339364108022
0.46801151362870136
0.5319884863712986
0.0002660635891978183
test1
Threshold: 0.3

True Positives: 15030
False Negatives: 4
False Positives: 200715
True Negatives: 176577

Accuracy
0.48838720859693213

True Positive Rate
0.9997339364108022
True Negative Rate
0.46801151362870136
False Positive Rate
0.5319884863712986
False Negative Rate
0.0002660635891978183
