INFO:tensorflow:*** Input Files ***
INFO:tensorflow:  ../training_data/SIGL/teamviewer.tfrecord
WARNING:tensorflow:Estimator's model_fn (<function model_fn_builder.<locals>.model_fn at 0x7f8f2aa3ea60>) includes params argument, but params are not passed to Estimator.
INFO:tensorflow:Using config: {'_tpu_config': TPUConfig(iterations_per_loop=1000, num_shards=8, num_cores_per_replica=None, per_host_input_for_training=3, tpu_job_name=None, initial_infeed_sleep_secs=None, input_partition_dims=None), '_tf_random_seed': None, '_master': '', '_log_step_count_steps': None, '_cluster_spec': <tensorflow.python.training.server_lib.ClusterSpec object at 0x7f8f01fd8ba8>, '_session_config': allow_soft_placement: true
graph_options {
  rewrite_options {
    meta_optimizer_iterations: ONE
  }
}
, '_experimental_distribute': None, '_keep_checkpoint_max': 5, '_service': None, '_device_fn': None, '_keep_checkpoint_every_n_hours': 10000, '_cluster': None, '_is_chief': True, '_num_ps_replicas': 0, '_save_checkpoints_steps': 1000, '_save_summary_steps': 100, '_save_checkpoints_secs': None, '_eval_distribute': None, '_protocol': None, '_global_id_in_cluster': 0, '_model_dir': '../models/SIGL/teamviewer', '_num_worker_replicas': 1, '_task_id': 0, '_train_distribute': None, '_task_type': 'worker', '_evaluation_master': ''}
INFO:tensorflow:_TPUContext: eval_on_tpu True
WARNING:tensorflow:eval_on_tpu ignored because use_tpu is False.
INFO:tensorflow:***** Running training *****
INFO:tensorflow:  Batch size = 4
INFO:tensorflow:Calling model_fn.
INFO:tensorflow:Running train on CPU
INFO:tensorflow:*** Features ***
INFO:tensorflow:  name = input_ids, shape = (4, 32)
INFO:tensorflow:  name = input_mask, shape = (4, 32)
INFO:tensorflow:  name = masked_lm_ids, shape = (4, 20)
INFO:tensorflow:  name = masked_lm_positions, shape = (4, 20)
INFO:tensorflow:  name = masked_lm_weights, shape = (4, 20)
INFO:tensorflow:  name = next_sentence_labels, shape = (4, 1)
INFO:tensorflow:  name = segment_ids, shape = (4, 32)
INFO:tensorflow:**** Trainable Variables ****
INFO:tensorflow:  name = bert/embeddings/word_embeddings:0, shape = (30522, 128), *INIT_FROM_CKPT*
INFO:tensorflow:  name = bert/embeddings/token_type_embeddings:0, shape = (2, 128), *INIT_FROM_CKPT*
INFO:tensorflow:  name = bert/embeddings/position_embeddings:0, shape = (512, 128), *INIT_FROM_CKPT*
INFO:tensorflow:  name = bert/embeddings/LayerNorm/beta:0, shape = (128,), *INIT_FROM_CKPT*
INFO:tensorflow:  name = bert/embeddings/LayerNorm/gamma:0, shape = (128,), *INIT_FROM_CKPT*
INFO:tensorflow:  name = bert/encoder/layer_0/attention/self/query/kernel:0, shape = (128, 128), *INIT_FROM_CKPT*
INFO:tensorflow:  name = bert/encoder/layer_0/attention/self/query/bias:0, shape = (128,), *INIT_FROM_CKPT*
INFO:tensorflow:  name = bert/encoder/layer_0/attention/self/key/kernel:0, shape = (128, 128), *INIT_FROM_CKPT*
INFO:tensorflow:  name = bert/encoder/layer_0/attention/self/key/bias:0, shape = (128,), *INIT_FROM_CKPT*
INFO:tensorflow:  name = bert/encoder/layer_0/attention/self/value/kernel:0, shape = (128, 128), *INIT_FROM_CKPT*
INFO:tensorflow:  name = bert/encoder/layer_0/attention/self/value/bias:0, shape = (128,), *INIT_FROM_CKPT*
INFO:tensorflow:  name = bert/encoder/layer_0/attention/output/dense/kernel:0, shape = (128, 128), *INIT_FROM_CKPT*
INFO:tensorflow:  name = bert/encoder/layer_0/attention/output/dense/bias:0, shape = (128,), *INIT_FROM_CKPT*
INFO:tensorflow:  name = bert/encoder/layer_0/attention/output/LayerNorm/beta:0, shape = (128,), *INIT_FROM_CKPT*
INFO:tensorflow:  name = bert/encoder/layer_0/attention/output/LayerNorm/gamma:0, shape = (128,), *INIT_FROM_CKPT*
INFO:tensorflow:  name = bert/encoder/layer_0/intermediate/dense/kernel:0, shape = (128, 512), *INIT_FROM_CKPT*
INFO:tensorflow:  name = bert/encoder/layer_0/intermediate/dense/bias:0, shape = (512,), *INIT_FROM_CKPT*
INFO:tensorflow:  name = bert/encoder/layer_0/output/dense/kernel:0, shape = (512, 128), *INIT_FROM_CKPT*
INFO:tensorflow:  name = bert/encoder/layer_0/output/dense/bias:0, shape = (128,), *INIT_FROM_CKPT*
INFO:tensorflow:  name = bert/encoder/layer_0/output/LayerNorm/beta:0, shape = (128,), *INIT_FROM_CKPT*
INFO:tensorflow:  name = bert/encoder/layer_0/output/LayerNorm/gamma:0, shape = (128,), *INIT_FROM_CKPT*
INFO:tensorflow:  name = bert/encoder/layer_1/attention/self/query/kernel:0, shape = (128, 128), *INIT_FROM_CKPT*
INFO:tensorflow:  name = bert/encoder/layer_1/attention/self/query/bias:0, shape = (128,), *INIT_FROM_CKPT*
INFO:tensorflow:  name = bert/encoder/layer_1/attention/self/key/kernel:0, shape = (128, 128), *INIT_FROM_CKPT*
INFO:tensorflow:  name = bert/encoder/layer_1/attention/self/key/bias:0, shape = (128,), *INIT_FROM_CKPT*
INFO:tensorflow:  name = bert/encoder/layer_1/attention/self/value/kernel:0, shape = (128, 128), *INIT_FROM_CKPT*
INFO:tensorflow:  name = bert/encoder/layer_1/attention/self/value/bias:0, shape = (128,), *INIT_FROM_CKPT*
INFO:tensorflow:  name = bert/encoder/layer_1/attention/output/dense/kernel:0, shape = (128, 128), *INIT_FROM_CKPT*
INFO:tensorflow:  name = bert/encoder/layer_1/attention/output/dense/bias:0, shape = (128,), *INIT_FROM_CKPT*
INFO:tensorflow:  name = bert/encoder/layer_1/attention/output/LayerNorm/beta:0, shape = (128,), *INIT_FROM_CKPT*
INFO:tensorflow:  name = bert/encoder/layer_1/attention/output/LayerNorm/gamma:0, shape = (128,), *INIT_FROM_CKPT*
INFO:tensorflow:  name = bert/encoder/layer_1/intermediate/dense/kernel:0, shape = (128, 512), *INIT_FROM_CKPT*
INFO:tensorflow:  name = bert/encoder/layer_1/intermediate/dense/bias:0, shape = (512,), *INIT_FROM_CKPT*
INFO:tensorflow:  name = bert/encoder/layer_1/output/dense/kernel:0, shape = (512, 128), *INIT_FROM_CKPT*
INFO:tensorflow:  name = bert/encoder/layer_1/output/dense/bias:0, shape = (128,), *INIT_FROM_CKPT*
INFO:tensorflow:  name = bert/encoder/layer_1/output/LayerNorm/beta:0, shape = (128,), *INIT_FROM_CKPT*
INFO:tensorflow:  name = bert/encoder/layer_1/output/LayerNorm/gamma:0, shape = (128,), *INIT_FROM_CKPT*
INFO:tensorflow:  name = bert/encoder/layer_2/attention/self/query/kernel:0, shape = (128, 128), *INIT_FROM_CKPT*
INFO:tensorflow:  name = bert/encoder/layer_2/attention/self/query/bias:0, shape = (128,), *INIT_FROM_CKPT*
INFO:tensorflow:  name = bert/encoder/layer_2/attention/self/key/kernel:0, shape = (128, 128), *INIT_FROM_CKPT*
INFO:tensorflow:  name = bert/encoder/layer_2/attention/self/key/bias:0, shape = (128,), *INIT_FROM_CKPT*
INFO:tensorflow:  name = bert/encoder/layer_2/attention/self/value/kernel:0, shape = (128, 128), *INIT_FROM_CKPT*
INFO:tensorflow:  name = bert/encoder/layer_2/attention/self/value/bias:0, shape = (128,), *INIT_FROM_CKPT*
INFO:tensorflow:  name = bert/encoder/layer_2/attention/output/dense/kernel:0, shape = (128, 128), *INIT_FROM_CKPT*
INFO:tensorflow:  name = bert/encoder/layer_2/attention/output/dense/bias:0, shape = (128,), *INIT_FROM_CKPT*
INFO:tensorflow:  name = bert/encoder/layer_2/attention/output/LayerNorm/beta:0, shape = (128,), *INIT_FROM_CKPT*
INFO:tensorflow:  name = bert/encoder/layer_2/attention/output/LayerNorm/gamma:0, shape = (128,), *INIT_FROM_CKPT*
INFO:tensorflow:  name = bert/encoder/layer_2/intermediate/dense/kernel:0, shape = (128, 512), *INIT_FROM_CKPT*
INFO:tensorflow:  name = bert/encoder/layer_2/intermediate/dense/bias:0, shape = (512,), *INIT_FROM_CKPT*
INFO:tensorflow:  name = bert/encoder/layer_2/output/dense/kernel:0, shape = (512, 128), *INIT_FROM_CKPT*
INFO:tensorflow:  name = bert/encoder/layer_2/output/dense/bias:0, shape = (128,), *INIT_FROM_CKPT*
INFO:tensorflow:  name = bert/encoder/layer_2/output/LayerNorm/beta:0, shape = (128,), *INIT_FROM_CKPT*
INFO:tensorflow:  name = bert/encoder/layer_2/output/LayerNorm/gamma:0, shape = (128,), *INIT_FROM_CKPT*
INFO:tensorflow:  name = bert/encoder/layer_3/attention/self/query/kernel:0, shape = (128, 128), *INIT_FROM_CKPT*
INFO:tensorflow:  name = bert/encoder/layer_3/attention/self/query/bias:0, shape = (128,), *INIT_FROM_CKPT*
INFO:tensorflow:  name = bert/encoder/layer_3/attention/self/key/kernel:0, shape = (128, 128), *INIT_FROM_CKPT*
INFO:tensorflow:  name = bert/encoder/layer_3/attention/self/key/bias:0, shape = (128,), *INIT_FROM_CKPT*
INFO:tensorflow:  name = bert/encoder/layer_3/attention/self/value/kernel:0, shape = (128, 128), *INIT_FROM_CKPT*
INFO:tensorflow:  name = bert/encoder/layer_3/attention/self/value/bias:0, shape = (128,), *INIT_FROM_CKPT*
INFO:tensorflow:  name = bert/encoder/layer_3/attention/output/dense/kernel:0, shape = (128, 128), *INIT_FROM_CKPT*
INFO:tensorflow:  name = bert/encoder/layer_3/attention/output/dense/bias:0, shape = (128,), *INIT_FROM_CKPT*
INFO:tensorflow:  name = bert/encoder/layer_3/attention/output/LayerNorm/beta:0, shape = (128,), *INIT_FROM_CKPT*
INFO:tensorflow:  name = bert/encoder/layer_3/attention/output/LayerNorm/gamma:0, shape = (128,), *INIT_FROM_CKPT*
INFO:tensorflow:  name = bert/encoder/layer_3/intermediate/dense/kernel:0, shape = (128, 512), *INIT_FROM_CKPT*
INFO:tensorflow:  name = bert/encoder/layer_3/intermediate/dense/bias:0, shape = (512,), *INIT_FROM_CKPT*
INFO:tensorflow:  name = bert/encoder/layer_3/output/dense/kernel:0, shape = (512, 128), *INIT_FROM_CKPT*
INFO:tensorflow:  name = bert/encoder/layer_3/output/dense/bias:0, shape = (128,), *INIT_FROM_CKPT*
INFO:tensorflow:  name = bert/encoder/layer_3/output/LayerNorm/beta:0, shape = (128,), *INIT_FROM_CKPT*
INFO:tensorflow:  name = bert/encoder/layer_3/output/LayerNorm/gamma:0, shape = (128,), *INIT_FROM_CKPT*
INFO:tensorflow:  name = bert/encoder/layer_4/attention/self/query/kernel:0, shape = (128, 128), *INIT_FROM_CKPT*
INFO:tensorflow:  name = bert/encoder/layer_4/attention/self/query/bias:0, shape = (128,), *INIT_FROM_CKPT*
INFO:tensorflow:  name = bert/encoder/layer_4/attention/self/key/kernel:0, shape = (128, 128), *INIT_FROM_CKPT*
INFO:tensorflow:  name = bert/encoder/layer_4/attention/self/key/bias:0, shape = (128,), *INIT_FROM_CKPT*
INFO:tensorflow:  name = bert/encoder/layer_4/attention/self/value/kernel:0, shape = (128, 128), *INIT_FROM_CKPT*
INFO:tensorflow:  name = bert/encoder/layer_4/attention/self/value/bias:0, shape = (128,), *INIT_FROM_CKPT*
INFO:tensorflow:  name = bert/encoder/layer_4/attention/output/dense/kernel:0, shape = (128, 128), *INIT_FROM_CKPT*
INFO:tensorflow:  name = bert/encoder/layer_4/attention/output/dense/bias:0, shape = (128,), *INIT_FROM_CKPT*
INFO:tensorflow:  name = bert/encoder/layer_4/attention/output/LayerNorm/beta:0, shape = (128,), *INIT_FROM_CKPT*
INFO:tensorflow:  name = bert/encoder/layer_4/attention/output/LayerNorm/gamma:0, shape = (128,), *INIT_FROM_CKPT*
INFO:tensorflow:  name = bert/encoder/layer_4/intermediate/dense/kernel:0, shape = (128, 512), *INIT_FROM_CKPT*
INFO:tensorflow:  name = bert/encoder/layer_4/intermediate/dense/bias:0, shape = (512,), *INIT_FROM_CKPT*
INFO:tensorflow:  name = bert/encoder/layer_4/output/dense/kernel:0, shape = (512, 128), *INIT_FROM_CKPT*
INFO:tensorflow:  name = bert/encoder/layer_4/output/dense/bias:0, shape = (128,), *INIT_FROM_CKPT*
INFO:tensorflow:  name = bert/encoder/layer_4/output/LayerNorm/beta:0, shape = (128,), *INIT_FROM_CKPT*
INFO:tensorflow:  name = bert/encoder/layer_4/output/LayerNorm/gamma:0, shape = (128,), *INIT_FROM_CKPT*
INFO:tensorflow:  name = bert/encoder/layer_5/attention/self/query/kernel:0, shape = (128, 128), *INIT_FROM_CKPT*
INFO:tensorflow:  name = bert/encoder/layer_5/attention/self/query/bias:0, shape = (128,), *INIT_FROM_CKPT*
INFO:tensorflow:  name = bert/encoder/layer_5/attention/self/key/kernel:0, shape = (128, 128), *INIT_FROM_CKPT*
INFO:tensorflow:  name = bert/encoder/layer_5/attention/self/key/bias:0, shape = (128,), *INIT_FROM_CKPT*
INFO:tensorflow:  name = bert/encoder/layer_5/attention/self/value/kernel:0, shape = (128, 128), *INIT_FROM_CKPT*
INFO:tensorflow:  name = bert/encoder/layer_5/attention/self/value/bias:0, shape = (128,), *INIT_FROM_CKPT*
INFO:tensorflow:  name = bert/encoder/layer_5/attention/output/dense/kernel:0, shape = (128, 128), *INIT_FROM_CKPT*
INFO:tensorflow:  name = bert/encoder/layer_5/attention/output/dense/bias:0, shape = (128,), *INIT_FROM_CKPT*
INFO:tensorflow:  name = bert/encoder/layer_5/attention/output/LayerNorm/beta:0, shape = (128,), *INIT_FROM_CKPT*
INFO:tensorflow:  name = bert/encoder/layer_5/attention/output/LayerNorm/gamma:0, shape = (128,), *INIT_FROM_CKPT*
INFO:tensorflow:  name = bert/encoder/layer_5/intermediate/dense/kernel:0, shape = (128, 512), *INIT_FROM_CKPT*
INFO:tensorflow:  name = bert/encoder/layer_5/intermediate/dense/bias:0, shape = (512,), *INIT_FROM_CKPT*
INFO:tensorflow:  name = bert/encoder/layer_5/output/dense/kernel:0, shape = (512, 128), *INIT_FROM_CKPT*
INFO:tensorflow:  name = bert/encoder/layer_5/output/dense/bias:0, shape = (128,), *INIT_FROM_CKPT*
INFO:tensorflow:  name = bert/encoder/layer_5/output/LayerNorm/beta:0, shape = (128,), *INIT_FROM_CKPT*
INFO:tensorflow:  name = bert/encoder/layer_5/output/LayerNorm/gamma:0, shape = (128,), *INIT_FROM_CKPT*
INFO:tensorflow:  name = bert/pooler/dense/kernel:0, shape = (128, 128), *INIT_FROM_CKPT*
INFO:tensorflow:  name = bert/pooler/dense/bias:0, shape = (128,), *INIT_FROM_CKPT*
INFO:tensorflow:  name = cls/predictions/transform/dense/kernel:0, shape = (128, 128), *INIT_FROM_CKPT*
INFO:tensorflow:  name = cls/predictions/transform/dense/bias:0, shape = (128,), *INIT_FROM_CKPT*
INFO:tensorflow:  name = cls/predictions/transform/LayerNorm/beta:0, shape = (128,), *INIT_FROM_CKPT*
INFO:tensorflow:  name = cls/predictions/transform/LayerNorm/gamma:0, shape = (128,), *INIT_FROM_CKPT*
INFO:tensorflow:  name = cls/predictions/output_bias:0, shape = (30522,), *INIT_FROM_CKPT*
INFO:tensorflow:  name = cls/seq_relationship/output_weights:0, shape = (2, 128), *INIT_FROM_CKPT*
INFO:tensorflow:  name = cls/seq_relationship/output_bias:0, shape = (2,), *INIT_FROM_CKPT*
INFO:tensorflow:Done calling model_fn.
INFO:tensorflow:Create CheckpointSaverHook.
INFO:tensorflow:Graph was finalized.
2024-03-25 00:24:15.826415: I tensorflow/core/platform/cpu_feature_guard.cc:141] Your CPU supports instructions that this TensorFlow binary was not compiled to use: AVX2 AVX512F FMA
2024-03-25 00:24:16.067140: I tensorflow/core/common_runtime/gpu/gpu_device.cc:1411] Found device 0 with properties: 
name: Tesla V100-PCIE-32GB major: 7 minor: 0 memoryClockRate(GHz): 1.38
pciBusID: 0000:3b:00.0
totalMemory: 31.73GiB freeMemory: 31.43GiB
2024-03-25 00:24:16.067250: I tensorflow/core/common_runtime/gpu/gpu_device.cc:1490] Adding visible gpu devices: 0
2024-03-25 00:24:16.740625: I tensorflow/core/common_runtime/gpu/gpu_device.cc:971] Device interconnect StreamExecutor with strength 1 edge matrix:
2024-03-25 00:24:16.740752: I tensorflow/core/common_runtime/gpu/gpu_device.cc:977]      0 
2024-03-25 00:24:16.740772: I tensorflow/core/common_runtime/gpu/gpu_device.cc:990] 0:   N 
2024-03-25 00:24:16.741006: I tensorflow/core/common_runtime/gpu/gpu_device.cc:1103] Created TensorFlow device (/job:localhost/replica:0/task:0/device:GPU:0 with 30495 MB memory) -> physical GPU (device: 0, name: Tesla V100-PCIE-32GB, pci bus id: 0000:3b:00.0, compute capability: 7.0)
INFO:tensorflow:Running local_init_op.
INFO:tensorflow:Done running local_init_op.
INFO:tensorflow:Saving checkpoints for 0 into ../models/SIGL/teamviewer/model.ckpt.
INFO:tensorflow:global_step/sec: 9.84905
INFO:tensorflow:examples/sec: 39.3962
INFO:tensorflow:global_step/sec: 26.6414
INFO:tensorflow:examples/sec: 106.565
INFO:tensorflow:global_step/sec: 27.0981
INFO:tensorflow:examples/sec: 108.392
INFO:tensorflow:global_step/sec: 27.0003
INFO:tensorflow:examples/sec: 108.001
INFO:tensorflow:global_step/sec: 27.6158
INFO:tensorflow:examples/sec: 110.463
INFO:tensorflow:global_step/sec: 27.0134
INFO:tensorflow:examples/sec: 108.054
INFO:tensorflow:global_step/sec: 27.1557
INFO:tensorflow:examples/sec: 108.623
INFO:tensorflow:global_step/sec: 27.2909
INFO:tensorflow:examples/sec: 109.164
INFO:tensorflow:global_step/sec: 26.4443
INFO:tensorflow:examples/sec: 105.777
INFO:tensorflow:Saving checkpoints for 1000 into ../models/SIGL/teamviewer/model.ckpt.
INFO:tensorflow:global_step/sec: 18.0354
INFO:tensorflow:examples/sec: 72.1417
INFO:tensorflow:global_step/sec: 27.1541
INFO:tensorflow:examples/sec: 108.616
INFO:tensorflow:global_step/sec: 26.3113
INFO:tensorflow:examples/sec: 105.245
INFO:tensorflow:global_step/sec: 27.4935
INFO:tensorflow:examples/sec: 109.974
INFO:tensorflow:global_step/sec: 26.8185
INFO:tensorflow:examples/sec: 107.274
INFO:tensorflow:global_step/sec: 25.9452
INFO:tensorflow:examples/sec: 103.781
INFO:tensorflow:global_step/sec: 26.7606
INFO:tensorflow:examples/sec: 107.043
INFO:tensorflow:global_step/sec: 26.9547
INFO:tensorflow:examples/sec: 107.819
INFO:tensorflow:global_step/sec: 26.9797
INFO:tensorflow:examples/sec: 107.919
INFO:tensorflow:global_step/sec: 26.9946
INFO:tensorflow:examples/sec: 107.978
INFO:tensorflow:Saving checkpoints for 2000 into ../models/SIGL/teamviewer/model.ckpt.
INFO:tensorflow:global_step/sec: 18.2254
INFO:tensorflow:examples/sec: 72.9017
INFO:tensorflow:global_step/sec: 26.5807
INFO:tensorflow:examples/sec: 106.323
INFO:tensorflow:global_step/sec: 26.7463
INFO:tensorflow:examples/sec: 106.985
INFO:tensorflow:global_step/sec: 27.0846
INFO:tensorflow:examples/sec: 108.338
INFO:tensorflow:global_step/sec: 27.2111
INFO:tensorflow:examples/sec: 108.844
INFO:tensorflow:global_step/sec: 27.506
INFO:tensorflow:examples/sec: 110.024
INFO:tensorflow:global_step/sec: 27.5724
INFO:tensorflow:examples/sec: 110.29
INFO:tensorflow:global_step/sec: 26.6952
INFO:tensorflow:examples/sec: 106.781
INFO:tensorflow:global_step/sec: 26.6497
INFO:tensorflow:examples/sec: 106.599
INFO:tensorflow:global_step/sec: 26.587
INFO:tensorflow:examples/sec: 106.348
INFO:tensorflow:Saving checkpoints for 3000 into ../models/SIGL/teamviewer/model.ckpt.
INFO:tensorflow:global_step/sec: 18.0355
INFO:tensorflow:examples/sec: 72.1421
INFO:tensorflow:global_step/sec: 27.1318
INFO:tensorflow:examples/sec: 108.527
INFO:tensorflow:global_step/sec: 28.067
INFO:tensorflow:examples/sec: 112.268
INFO:tensorflow:global_step/sec: 27.0612
INFO:tensorflow:examples/sec: 108.245
INFO:tensorflow:global_step/sec: 27.8163
INFO:tensorflow:examples/sec: 111.265
INFO:tensorflow:global_step/sec: 27.4502
INFO:tensorflow:examples/sec: 109.801
INFO:tensorflow:global_step/sec: 26.6737
INFO:tensorflow:examples/sec: 106.695
INFO:tensorflow:global_step/sec: 26.8252
INFO:tensorflow:examples/sec: 107.301
INFO:tensorflow:global_step/sec: 26.9296
INFO:tensorflow:examples/sec: 107.718
INFO:tensorflow:global_step/sec: 27.9058
INFO:tensorflow:examples/sec: 111.623
INFO:tensorflow:Saving checkpoints for 4000 into ../models/SIGL/teamviewer/model.ckpt.
INFO:tensorflow:global_step/sec: 18.1673
INFO:tensorflow:examples/sec: 72.6693
INFO:tensorflow:global_step/sec: 26.9257
INFO:tensorflow:examples/sec: 107.703
INFO:tensorflow:global_step/sec: 26.6331
INFO:tensorflow:examples/sec: 106.532
INFO:tensorflow:global_step/sec: 27.4738
INFO:tensorflow:examples/sec: 109.895
INFO:tensorflow:global_step/sec: 27.2925
INFO:tensorflow:examples/sec: 109.17
INFO:tensorflow:global_step/sec: 27.539
INFO:tensorflow:examples/sec: 110.156
INFO:tensorflow:global_step/sec: 26.7708
INFO:tensorflow:examples/sec: 107.083
INFO:tensorflow:global_step/sec: 27.2738
INFO:tensorflow:examples/sec: 109.095
INFO:tensorflow:global_step/sec: 26.5481
INFO:tensorflow:examples/sec: 106.193
INFO:tensorflow:global_step/sec: 27.1537
INFO:tensorflow:examples/sec: 108.615
INFO:tensorflow:Saving checkpoints for 5000 into ../models/SIGL/teamviewer/model.ckpt.
INFO:tensorflow:global_step/sec: 17.9617
INFO:tensorflow:examples/sec: 71.8468
INFO:tensorflow:global_step/sec: 27.2731
INFO:tensorflow:examples/sec: 109.092
INFO:tensorflow:global_step/sec: 26.4442
INFO:tensorflow:examples/sec: 105.777
INFO:tensorflow:global_step/sec: 26.8704
INFO:tensorflow:examples/sec: 107.482
INFO:tensorflow:global_step/sec: 27.4413
INFO:tensorflow:examples/sec: 109.765
INFO:tensorflow:global_step/sec: 27.0376
INFO:tensorflow:examples/sec: 108.15
INFO:tensorflow:global_step/sec: 26.3277
INFO:tensorflow:examples/sec: 105.311
INFO:tensorflow:global_step/sec: 26.4645
INFO:tensorflow:examples/sec: 105.858
INFO:tensorflow:global_step/sec: 26.3689
INFO:tensorflow:examples/sec: 105.475
INFO:tensorflow:global_step/sec: 26.7679
INFO:tensorflow:examples/sec: 107.072
INFO:tensorflow:Saving checkpoints for 6000 into ../models/SIGL/teamviewer/model.ckpt.
INFO:tensorflow:global_step/sec: 17.6032
INFO:tensorflow:examples/sec: 70.4129
INFO:tensorflow:global_step/sec: 27.7344
INFO:tensorflow:examples/sec: 110.938
INFO:tensorflow:global_step/sec: 27.2701
INFO:tensorflow:examples/sec: 109.08
INFO:tensorflow:global_step/sec: 26.5198
INFO:tensorflow:examples/sec: 106.079
INFO:tensorflow:global_step/sec: 26.4507
INFO:tensorflow:examples/sec: 105.803
INFO:tensorflow:global_step/sec: 27.2761
INFO:tensorflow:examples/sec: 109.105
INFO:tensorflow:global_step/sec: 26.6084
INFO:tensorflow:examples/sec: 106.434
INFO:tensorflow:global_step/sec: 27.4489
INFO:tensorflow:examples/sec: 109.796
INFO:tensorflow:global_step/sec: 26.3332
INFO:tensorflow:examples/sec: 105.333
INFO:tensorflow:global_step/sec: 26.7929
INFO:tensorflow:examples/sec: 107.172
INFO:tensorflow:Saving checkpoints for 7000 into ../models/SIGL/teamviewer/model.ckpt.
INFO:tensorflow:global_step/sec: 16.771
INFO:tensorflow:examples/sec: 67.084
INFO:tensorflow:global_step/sec: 27.6378
INFO:tensorflow:examples/sec: 110.551
INFO:tensorflow:global_step/sec: 26.1004
INFO:tensorflow:examples/sec: 104.402
INFO:tensorflow:global_step/sec: 27.4734
INFO:tensorflow:examples/sec: 109.894
INFO:tensorflow:global_step/sec: 26.3055
INFO:tensorflow:examples/sec: 105.222
INFO:tensorflow:global_step/sec: 26.5081
INFO:tensorflow:examples/sec: 106.032
INFO:tensorflow:global_step/sec: 26.8262
INFO:tensorflow:examples/sec: 107.305
INFO:tensorflow:global_step/sec: 26.1718
INFO:tensorflow:examples/sec: 104.687
INFO:tensorflow:global_step/sec: 27.1118
INFO:tensorflow:examples/sec: 108.447
INFO:tensorflow:global_step/sec: 27.242
INFO:tensorflow:examples/sec: 108.968
INFO:tensorflow:Saving checkpoints for 8000 into ../models/SIGL/teamviewer/model.ckpt.
INFO:tensorflow:global_step/sec: 18.4695
INFO:tensorflow:examples/sec: 73.878
INFO:tensorflow:global_step/sec: 26.4913
INFO:tensorflow:examples/sec: 105.965
INFO:tensorflow:global_step/sec: 27.1289
INFO:tensorflow:examples/sec: 108.516
INFO:tensorflow:global_step/sec: 26.6881
INFO:tensorflow:examples/sec: 106.752
INFO:tensorflow:global_step/sec: 26.8537
INFO:tensorflow:examples/sec: 107.415
INFO:tensorflow:global_step/sec: 26.7961
INFO:tensorflow:examples/sec: 107.184
INFO:tensorflow:global_step/sec: 27.1824
INFO:tensorflow:examples/sec: 108.729
INFO:tensorflow:global_step/sec: 27.1932
INFO:tensorflow:examples/sec: 108.773
INFO:tensorflow:global_step/sec: 27.2311
INFO:tensorflow:examples/sec: 108.924
INFO:tensorflow:global_step/sec: 27.0538
INFO:tensorflow:examples/sec: 108.215
INFO:tensorflow:Saving checkpoints for 9000 into ../models/SIGL/teamviewer/model.ckpt.
INFO:tensorflow:global_step/sec: 18.5947
INFO:tensorflow:examples/sec: 74.3789
INFO:tensorflow:global_step/sec: 27.0829
INFO:tensorflow:examples/sec: 108.332
INFO:tensorflow:global_step/sec: 27.2534
INFO:tensorflow:examples/sec: 109.014
INFO:tensorflow:global_step/sec: 27.0642
INFO:tensorflow:examples/sec: 108.257
INFO:tensorflow:global_step/sec: 26.9706
INFO:tensorflow:examples/sec: 107.882
INFO:tensorflow:global_step/sec: 26.6346
INFO:tensorflow:examples/sec: 106.539
INFO:tensorflow:global_step/sec: 26.6463
INFO:tensorflow:examples/sec: 106.585
INFO:tensorflow:global_step/sec: 25.9493
INFO:tensorflow:examples/sec: 103.797
INFO:tensorflow:global_step/sec: 26.9661
INFO:tensorflow:examples/sec: 107.864
INFO:tensorflow:global_step/sec: 27.4325
INFO:tensorflow:examples/sec: 109.73
INFO:tensorflow:Saving checkpoints for 10000 into ../models/SIGL/teamviewer/model.ckpt.
INFO:tensorflow:Loss for final step: 1.3260826.
INFO:tensorflow:training_loop marked as finished
INFO:tensorflow:***** Running evaluation *****
INFO:tensorflow:  Batch size = 8
INFO:tensorflow:Calling model_fn.
INFO:tensorflow:Running eval on CPU
INFO:tensorflow:*** Features ***
INFO:tensorflow:  name = input_ids, shape = (8, 32)
INFO:tensorflow:  name = input_mask, shape = (8, 32)
INFO:tensorflow:  name = masked_lm_ids, shape = (8, 20)
INFO:tensorflow:  name = masked_lm_positions, shape = (8, 20)
INFO:tensorflow:  name = masked_lm_weights, shape = (8, 20)
INFO:tensorflow:  name = next_sentence_labels, shape = (8, 1)
INFO:tensorflow:  name = segment_ids, shape = (8, 32)
INFO:tensorflow:**** Trainable Variables ****
INFO:tensorflow:  name = bert/embeddings/word_embeddings:0, shape = (30522, 128), *INIT_FROM_CKPT*
INFO:tensorflow:  name = bert/embeddings/token_type_embeddings:0, shape = (2, 128), *INIT_FROM_CKPT*
INFO:tensorflow:  name = bert/embeddings/position_embeddings:0, shape = (512, 128), *INIT_FROM_CKPT*
INFO:tensorflow:  name = bert/embeddings/LayerNorm/beta:0, shape = (128,), *INIT_FROM_CKPT*
INFO:tensorflow:  name = bert/embeddings/LayerNorm/gamma:0, shape = (128,), *INIT_FROM_CKPT*
INFO:tensorflow:  name = bert/encoder/layer_0/attention/self/query/kernel:0, shape = (128, 128), *INIT_FROM_CKPT*
INFO:tensorflow:  name = bert/encoder/layer_0/attention/self/query/bias:0, shape = (128,), *INIT_FROM_CKPT*
INFO:tensorflow:  name = bert/encoder/layer_0/attention/self/key/kernel:0, shape = (128, 128), *INIT_FROM_CKPT*
INFO:tensorflow:  name = bert/encoder/layer_0/attention/self/key/bias:0, shape = (128,), *INIT_FROM_CKPT*
INFO:tensorflow:  name = bert/encoder/layer_0/attention/self/value/kernel:0, shape = (128, 128), *INIT_FROM_CKPT*
INFO:tensorflow:  name = bert/encoder/layer_0/attention/self/value/bias:0, shape = (128,), *INIT_FROM_CKPT*
INFO:tensorflow:  name = bert/encoder/layer_0/attention/output/dense/kernel:0, shape = (128, 128), *INIT_FROM_CKPT*
INFO:tensorflow:  name = bert/encoder/layer_0/attention/output/dense/bias:0, shape = (128,), *INIT_FROM_CKPT*
INFO:tensorflow:  name = bert/encoder/layer_0/attention/output/LayerNorm/beta:0, shape = (128,), *INIT_FROM_CKPT*
INFO:tensorflow:  name = bert/encoder/layer_0/attention/output/LayerNorm/gamma:0, shape = (128,), *INIT_FROM_CKPT*
INFO:tensorflow:  name = bert/encoder/layer_0/intermediate/dense/kernel:0, shape = (128, 512), *INIT_FROM_CKPT*
INFO:tensorflow:  name = bert/encoder/layer_0/intermediate/dense/bias:0, shape = (512,), *INIT_FROM_CKPT*
INFO:tensorflow:  name = bert/encoder/layer_0/output/dense/kernel:0, shape = (512, 128), *INIT_FROM_CKPT*
INFO:tensorflow:  name = bert/encoder/layer_0/output/dense/bias:0, shape = (128,), *INIT_FROM_CKPT*
INFO:tensorflow:  name = bert/encoder/layer_0/output/LayerNorm/beta:0, shape = (128,), *INIT_FROM_CKPT*
INFO:tensorflow:  name = bert/encoder/layer_0/output/LayerNorm/gamma:0, shape = (128,), *INIT_FROM_CKPT*
INFO:tensorflow:  name = bert/encoder/layer_1/attention/self/query/kernel:0, shape = (128, 128), *INIT_FROM_CKPT*
INFO:tensorflow:  name = bert/encoder/layer_1/attention/self/query/bias:0, shape = (128,), *INIT_FROM_CKPT*
INFO:tensorflow:  name = bert/encoder/layer_1/attention/self/key/kernel:0, shape = (128, 128), *INIT_FROM_CKPT*
INFO:tensorflow:  name = bert/encoder/layer_1/attention/self/key/bias:0, shape = (128,), *INIT_FROM_CKPT*
INFO:tensorflow:  name = bert/encoder/layer_1/attention/self/value/kernel:0, shape = (128, 128), *INIT_FROM_CKPT*
INFO:tensorflow:  name = bert/encoder/layer_1/attention/self/value/bias:0, shape = (128,), *INIT_FROM_CKPT*
INFO:tensorflow:  name = bert/encoder/layer_1/attention/output/dense/kernel:0, shape = (128, 128), *INIT_FROM_CKPT*
INFO:tensorflow:  name = bert/encoder/layer_1/attention/output/dense/bias:0, shape = (128,), *INIT_FROM_CKPT*
INFO:tensorflow:  name = bert/encoder/layer_1/attention/output/LayerNorm/beta:0, shape = (128,), *INIT_FROM_CKPT*
INFO:tensorflow:  name = bert/encoder/layer_1/attention/output/LayerNorm/gamma:0, shape = (128,), *INIT_FROM_CKPT*
INFO:tensorflow:  name = bert/encoder/layer_1/intermediate/dense/kernel:0, shape = (128, 512), *INIT_FROM_CKPT*
INFO:tensorflow:  name = bert/encoder/layer_1/intermediate/dense/bias:0, shape = (512,), *INIT_FROM_CKPT*
INFO:tensorflow:  name = bert/encoder/layer_1/output/dense/kernel:0, shape = (512, 128), *INIT_FROM_CKPT*
INFO:tensorflow:  name = bert/encoder/layer_1/output/dense/bias:0, shape = (128,), *INIT_FROM_CKPT*
INFO:tensorflow:  name = bert/encoder/layer_1/output/LayerNorm/beta:0, shape = (128,), *INIT_FROM_CKPT*
INFO:tensorflow:  name = bert/encoder/layer_1/output/LayerNorm/gamma:0, shape = (128,), *INIT_FROM_CKPT*
INFO:tensorflow:  name = bert/encoder/layer_2/attention/self/query/kernel:0, shape = (128, 128), *INIT_FROM_CKPT*
INFO:tensorflow:  name = bert/encoder/layer_2/attention/self/query/bias:0, shape = (128,), *INIT_FROM_CKPT*
INFO:tensorflow:  name = bert/encoder/layer_2/attention/self/key/kernel:0, shape = (128, 128), *INIT_FROM_CKPT*
INFO:tensorflow:  name = bert/encoder/layer_2/attention/self/key/bias:0, shape = (128,), *INIT_FROM_CKPT*
INFO:tensorflow:  name = bert/encoder/layer_2/attention/self/value/kernel:0, shape = (128, 128), *INIT_FROM_CKPT*
INFO:tensorflow:  name = bert/encoder/layer_2/attention/self/value/bias:0, shape = (128,), *INIT_FROM_CKPT*
INFO:tensorflow:  name = bert/encoder/layer_2/attention/output/dense/kernel:0, shape = (128, 128), *INIT_FROM_CKPT*
INFO:tensorflow:  name = bert/encoder/layer_2/attention/output/dense/bias:0, shape = (128,), *INIT_FROM_CKPT*
INFO:tensorflow:  name = bert/encoder/layer_2/attention/output/LayerNorm/beta:0, shape = (128,), *INIT_FROM_CKPT*
INFO:tensorflow:  name = bert/encoder/layer_2/attention/output/LayerNorm/gamma:0, shape = (128,), *INIT_FROM_CKPT*
INFO:tensorflow:  name = bert/encoder/layer_2/intermediate/dense/kernel:0, shape = (128, 512), *INIT_FROM_CKPT*
INFO:tensorflow:  name = bert/encoder/layer_2/intermediate/dense/bias:0, shape = (512,), *INIT_FROM_CKPT*
INFO:tensorflow:  name = bert/encoder/layer_2/output/dense/kernel:0, shape = (512, 128), *INIT_FROM_CKPT*
INFO:tensorflow:  name = bert/encoder/layer_2/output/dense/bias:0, shape = (128,), *INIT_FROM_CKPT*
INFO:tensorflow:  name = bert/encoder/layer_2/output/LayerNorm/beta:0, shape = (128,), *INIT_FROM_CKPT*
INFO:tensorflow:  name = bert/encoder/layer_2/output/LayerNorm/gamma:0, shape = (128,), *INIT_FROM_CKPT*
INFO:tensorflow:  name = bert/encoder/layer_3/attention/self/query/kernel:0, shape = (128, 128), *INIT_FROM_CKPT*
INFO:tensorflow:  name = bert/encoder/layer_3/attention/self/query/bias:0, shape = (128,), *INIT_FROM_CKPT*
INFO:tensorflow:  name = bert/encoder/layer_3/attention/self/key/kernel:0, shape = (128, 128), *INIT_FROM_CKPT*
INFO:tensorflow:  name = bert/encoder/layer_3/attention/self/key/bias:0, shape = (128,), *INIT_FROM_CKPT*
INFO:tensorflow:  name = bert/encoder/layer_3/attention/self/value/kernel:0, shape = (128, 128), *INIT_FROM_CKPT*
INFO:tensorflow:  name = bert/encoder/layer_3/attention/self/value/bias:0, shape = (128,), *INIT_FROM_CKPT*
INFO:tensorflow:  name = bert/encoder/layer_3/attention/output/dense/kernel:0, shape = (128, 128), *INIT_FROM_CKPT*
INFO:tensorflow:  name = bert/encoder/layer_3/attention/output/dense/bias:0, shape = (128,), *INIT_FROM_CKPT*
INFO:tensorflow:  name = bert/encoder/layer_3/attention/output/LayerNorm/beta:0, shape = (128,), *INIT_FROM_CKPT*
INFO:tensorflow:  name = bert/encoder/layer_3/attention/output/LayerNorm/gamma:0, shape = (128,), *INIT_FROM_CKPT*
INFO:tensorflow:  name = bert/encoder/layer_3/intermediate/dense/kernel:0, shape = (128, 512), *INIT_FROM_CKPT*
INFO:tensorflow:  name = bert/encoder/layer_3/intermediate/dense/bias:0, shape = (512,), *INIT_FROM_CKPT*
INFO:tensorflow:  name = bert/encoder/layer_3/output/dense/kernel:0, shape = (512, 128), *INIT_FROM_CKPT*
INFO:tensorflow:  name = bert/encoder/layer_3/output/dense/bias:0, shape = (128,), *INIT_FROM_CKPT*
INFO:tensorflow:  name = bert/encoder/layer_3/output/LayerNorm/beta:0, shape = (128,), *INIT_FROM_CKPT*
INFO:tensorflow:  name = bert/encoder/layer_3/output/LayerNorm/gamma:0, shape = (128,), *INIT_FROM_CKPT*
INFO:tensorflow:  name = bert/encoder/layer_4/attention/self/query/kernel:0, shape = (128, 128), *INIT_FROM_CKPT*
INFO:tensorflow:  name = bert/encoder/layer_4/attention/self/query/bias:0, shape = (128,), *INIT_FROM_CKPT*
INFO:tensorflow:  name = bert/encoder/layer_4/attention/self/key/kernel:0, shape = (128, 128), *INIT_FROM_CKPT*
INFO:tensorflow:  name = bert/encoder/layer_4/attention/self/key/bias:0, shape = (128,), *INIT_FROM_CKPT*
INFO:tensorflow:  name = bert/encoder/layer_4/attention/self/value/kernel:0, shape = (128, 128), *INIT_FROM_CKPT*
INFO:tensorflow:  name = bert/encoder/layer_4/attention/self/value/bias:0, shape = (128,), *INIT_FROM_CKPT*
INFO:tensorflow:  name = bert/encoder/layer_4/attention/output/dense/kernel:0, shape = (128, 128), *INIT_FROM_CKPT*
INFO:tensorflow:  name = bert/encoder/layer_4/attention/output/dense/bias:0, shape = (128,), *INIT_FROM_CKPT*
INFO:tensorflow:  name = bert/encoder/layer_4/attention/output/LayerNorm/beta:0, shape = (128,), *INIT_FROM_CKPT*
INFO:tensorflow:  name = bert/encoder/layer_4/attention/output/LayerNorm/gamma:0, shape = (128,), *INIT_FROM_CKPT*
INFO:tensorflow:  name = bert/encoder/layer_4/intermediate/dense/kernel:0, shape = (128, 512), *INIT_FROM_CKPT*
INFO:tensorflow:  name = bert/encoder/layer_4/intermediate/dense/bias:0, shape = (512,), *INIT_FROM_CKPT*
INFO:tensorflow:  name = bert/encoder/layer_4/output/dense/kernel:0, shape = (512, 128), *INIT_FROM_CKPT*
INFO:tensorflow:  name = bert/encoder/layer_4/output/dense/bias:0, shape = (128,), *INIT_FROM_CKPT*
INFO:tensorflow:  name = bert/encoder/layer_4/output/LayerNorm/beta:0, shape = (128,), *INIT_FROM_CKPT*
INFO:tensorflow:  name = bert/encoder/layer_4/output/LayerNorm/gamma:0, shape = (128,), *INIT_FROM_CKPT*
INFO:tensorflow:  name = bert/encoder/layer_5/attention/self/query/kernel:0, shape = (128, 128), *INIT_FROM_CKPT*
INFO:tensorflow:  name = bert/encoder/layer_5/attention/self/query/bias:0, shape = (128,), *INIT_FROM_CKPT*
INFO:tensorflow:  name = bert/encoder/layer_5/attention/self/key/kernel:0, shape = (128, 128), *INIT_FROM_CKPT*
INFO:tensorflow:  name = bert/encoder/layer_5/attention/self/key/bias:0, shape = (128,), *INIT_FROM_CKPT*
INFO:tensorflow:  name = bert/encoder/layer_5/attention/self/value/kernel:0, shape = (128, 128), *INIT_FROM_CKPT*
INFO:tensorflow:  name = bert/encoder/layer_5/attention/self/value/bias:0, shape = (128,), *INIT_FROM_CKPT*
INFO:tensorflow:  name = bert/encoder/layer_5/attention/output/dense/kernel:0, shape = (128, 128), *INIT_FROM_CKPT*
INFO:tensorflow:  name = bert/encoder/layer_5/attention/output/dense/bias:0, shape = (128,), *INIT_FROM_CKPT*
INFO:tensorflow:  name = bert/encoder/layer_5/attention/output/LayerNorm/beta:0, shape = (128,), *INIT_FROM_CKPT*
INFO:tensorflow:  name = bert/encoder/layer_5/attention/output/LayerNorm/gamma:0, shape = (128,), *INIT_FROM_CKPT*
INFO:tensorflow:  name = bert/encoder/layer_5/intermediate/dense/kernel:0, shape = (128, 512), *INIT_FROM_CKPT*
INFO:tensorflow:  name = bert/encoder/layer_5/intermediate/dense/bias:0, shape = (512,), *INIT_FROM_CKPT*
INFO:tensorflow:  name = bert/encoder/layer_5/output/dense/kernel:0, shape = (512, 128), *INIT_FROM_CKPT*
INFO:tensorflow:  name = bert/encoder/layer_5/output/dense/bias:0, shape = (128,), *INIT_FROM_CKPT*
INFO:tensorflow:  name = bert/encoder/layer_5/output/LayerNorm/beta:0, shape = (128,), *INIT_FROM_CKPT*
INFO:tensorflow:  name = bert/encoder/layer_5/output/LayerNorm/gamma:0, shape = (128,), *INIT_FROM_CKPT*
INFO:tensorflow:  name = bert/pooler/dense/kernel:0, shape = (128, 128), *INIT_FROM_CKPT*
INFO:tensorflow:  name = bert/pooler/dense/bias:0, shape = (128,), *INIT_FROM_CKPT*
INFO:tensorflow:  name = cls/predictions/transform/dense/kernel:0, shape = (128, 128), *INIT_FROM_CKPT*
INFO:tensorflow:  name = cls/predictions/transform/dense/bias:0, shape = (128,), *INIT_FROM_CKPT*
INFO:tensorflow:  name = cls/predictions/transform/LayerNorm/beta:0, shape = (128,), *INIT_FROM_CKPT*
INFO:tensorflow:  name = cls/predictions/transform/LayerNorm/gamma:0, shape = (128,), *INIT_FROM_CKPT*
INFO:tensorflow:  name = cls/predictions/output_bias:0, shape = (30522,), *INIT_FROM_CKPT*
INFO:tensorflow:  name = cls/seq_relationship/output_weights:0, shape = (2, 128), *INIT_FROM_CKPT*
INFO:tensorflow:  name = cls/seq_relationship/output_bias:0, shape = (2,), *INIT_FROM_CKPT*
INFO:tensorflow:Done calling model_fn.
INFO:tensorflow:Starting evaluation at 2024-03-25-00:31:20
INFO:tensorflow:Graph was finalized.
2024-03-25 00:31:20.763854: I tensorflow/core/common_runtime/gpu/gpu_device.cc:1490] Adding visible gpu devices: 0
2024-03-25 00:31:20.764080: I tensorflow/core/common_runtime/gpu/gpu_device.cc:971] Device interconnect StreamExecutor with strength 1 edge matrix:
2024-03-25 00:31:20.764107: I tensorflow/core/common_runtime/gpu/gpu_device.cc:977]      0 
2024-03-25 00:31:20.764123: I tensorflow/core/common_runtime/gpu/gpu_device.cc:990] 0:   N 
2024-03-25 00:31:20.764317: I tensorflow/core/common_runtime/gpu/gpu_device.cc:1103] Created TensorFlow device (/job:localhost/replica:0/task:0/device:GPU:0 with 30495 MB memory) -> physical GPU (device: 0, name: Tesla V100-PCIE-32GB, pci bus id: 0000:3b:00.0, compute capability: 7.0)
INFO:tensorflow:Restoring parameters from ../models/SIGL/teamviewer/model.ckpt-10000
INFO:tensorflow:Running local_init_op.
INFO:tensorflow:Done running local_init_op.
INFO:tensorflow:Evaluation [10/100]
INFO:tensorflow:Evaluation [20/100]
INFO:tensorflow:Evaluation [30/100]
INFO:tensorflow:Evaluation [40/100]
INFO:tensorflow:Evaluation [50/100]
INFO:tensorflow:Evaluation [60/100]
INFO:tensorflow:Evaluation [70/100]
INFO:tensorflow:Evaluation [80/100]
INFO:tensorflow:Evaluation [90/100]
INFO:tensorflow:Evaluation [100/100]
INFO:tensorflow:Finished evaluation at 2024-03-25-00:31:23
INFO:tensorflow:Saving dict for global step 10000: global_step = 10000, loss = 1.4912475, masked_lm_accuracy = 0.8018624, masked_lm_loss = 1.1154869, next_sentence_accuracy = 0.84625, next_sentence_loss = 0.3768609
INFO:tensorflow:Saving 'checkpoint_path' summary for global step 10000: ../models/SIGL/teamviewer/model.ckpt-10000
INFO:tensorflow:evaluation_loop marked as finished
INFO:tensorflow:***** Eval results *****
INFO:tensorflow:  global_step = 10000
INFO:tensorflow:  loss = 1.4912475
INFO:tensorflow:  masked_lm_accuracy = 0.8018624
INFO:tensorflow:  masked_lm_loss = 1.1154869
INFO:tensorflow:  next_sentence_accuracy = 0.84625
INFO:tensorflow:  next_sentence_loss = 0.3768609
