start-------
0
5000
10000
15000
20000
25000
30000
35000
40000
45000
50000
55000
60000
65000
70000
75000
80000
85000
90000
95000
100000
105000
110000
115000
120000
125000
130000
135000
140000
145000
150000
155000
160000
165000
170000
175000
180000
185000
190000
195000
200000
205000
210000
215000
220000
225000
230000
235000
240000
245000
250000
255000
260000
265000
270000
275000
280000
285000
290000
295000
300000
305000
310000
315000
320000
(321150, 128)
start clustering---------
benign accuracy
0.8172131402771291
test1
15040
0
284915
97998
1.0
0.25592758668418153
0.7440724133158185
0.0
test1
Threshold: 0.3

True Positives: 15036
False Negatives: 4
False Positives: 5427
True Negatives: 377486

Accuracy
0.9863526597362

True Positive Rate
0.9997340425531915
True Negative Rate
0.9858270677673519
False Positive Rate
0.014172932232648146
False Negative Rate
0.00026595744680851064
