INFO:tensorflow:*** Input Files ***
INFO:tensorflow:  ../training_data/Original/S2.tfrecord
WARNING:tensorflow:Estimator's model_fn (<function model_fn_builder.<locals>.model_fn at 0x7f0bf547da60>) includes params argument, but params are not passed to Estimator.
INFO:tensorflow:Using config: {'_is_chief': True, '_num_worker_replicas': 1, '_master': '', '_evaluation_master': '', '_save_checkpoints_steps': 1000, '_save_checkpoints_secs': None, '_save_summary_steps': 100, '_tf_random_seed': None, '_cluster': None, '_num_ps_replicas': 0, '_keep_checkpoint_max': 5, '_service': None, '_model_dir': '../models/Original/S2', '_global_id_in_cluster': 0, '_task_type': 'worker', '_train_distribute': None, '_keep_checkpoint_every_n_hours': 10000, '_session_config': allow_soft_placement: true
graph_options {
  rewrite_options {
    meta_optimizer_iterations: ONE
  }
}
, '_task_id': 0, '_eval_distribute': None, '_protocol': None, '_log_step_count_steps': None, '_tpu_config': TPUConfig(iterations_per_loop=1000, num_shards=8, num_cores_per_replica=None, per_host_input_for_training=3, tpu_job_name=None, initial_infeed_sleep_secs=None, input_partition_dims=None), '_experimental_distribute': None, '_cluster_spec': <tensorflow.python.training.server_lib.ClusterSpec object at 0x7f0bc4a18f98>, '_device_fn': None}
INFO:tensorflow:_TPUContext: eval_on_tpu True
WARNING:tensorflow:eval_on_tpu ignored because use_tpu is False.
INFO:tensorflow:***** Running training *****
INFO:tensorflow:  Batch size = 4
INFO:tensorflow:Calling model_fn.
INFO:tensorflow:Running train on CPU
INFO:tensorflow:*** Features ***
INFO:tensorflow:  name = input_ids, shape = (4, 32)
INFO:tensorflow:  name = input_mask, shape = (4, 32)
INFO:tensorflow:  name = masked_lm_ids, shape = (4, 20)
INFO:tensorflow:  name = masked_lm_positions, shape = (4, 20)
INFO:tensorflow:  name = masked_lm_weights, shape = (4, 20)
INFO:tensorflow:  name = next_sentence_labels, shape = (4, 1)
INFO:tensorflow:  name = segment_ids, shape = (4, 32)
INFO:tensorflow:**** Trainable Variables ****
INFO:tensorflow:  name = bert/embeddings/word_embeddings:0, shape = (30522, 128), *INIT_FROM_CKPT*
INFO:tensorflow:  name = bert/embeddings/token_type_embeddings:0, shape = (2, 128), *INIT_FROM_CKPT*
INFO:tensorflow:  name = bert/embeddings/position_embeddings:0, shape = (512, 128), *INIT_FROM_CKPT*
INFO:tensorflow:  name = bert/embeddings/LayerNorm/beta:0, shape = (128,), *INIT_FROM_CKPT*
INFO:tensorflow:  name = bert/embeddings/LayerNorm/gamma:0, shape = (128,), *INIT_FROM_CKPT*
INFO:tensorflow:  name = bert/encoder/layer_0/attention/self/query/kernel:0, shape = (128, 128), *INIT_FROM_CKPT*
INFO:tensorflow:  name = bert/encoder/layer_0/attention/self/query/bias:0, shape = (128,), *INIT_FROM_CKPT*
INFO:tensorflow:  name = bert/encoder/layer_0/attention/self/key/kernel:0, shape = (128, 128), *INIT_FROM_CKPT*
INFO:tensorflow:  name = bert/encoder/layer_0/attention/self/key/bias:0, shape = (128,), *INIT_FROM_CKPT*
INFO:tensorflow:  name = bert/encoder/layer_0/attention/self/value/kernel:0, shape = (128, 128), *INIT_FROM_CKPT*
INFO:tensorflow:  name = bert/encoder/layer_0/attention/self/value/bias:0, shape = (128,), *INIT_FROM_CKPT*
INFO:tensorflow:  name = bert/encoder/layer_0/attention/output/dense/kernel:0, shape = (128, 128), *INIT_FROM_CKPT*
INFO:tensorflow:  name = bert/encoder/layer_0/attention/output/dense/bias:0, shape = (128,), *INIT_FROM_CKPT*
INFO:tensorflow:  name = bert/encoder/layer_0/attention/output/LayerNorm/beta:0, shape = (128,), *INIT_FROM_CKPT*
INFO:tensorflow:  name = bert/encoder/layer_0/attention/output/LayerNorm/gamma:0, shape = (128,), *INIT_FROM_CKPT*
INFO:tensorflow:  name = bert/encoder/layer_0/intermediate/dense/kernel:0, shape = (128, 512), *INIT_FROM_CKPT*
INFO:tensorflow:  name = bert/encoder/layer_0/intermediate/dense/bias:0, shape = (512,), *INIT_FROM_CKPT*
INFO:tensorflow:  name = bert/encoder/layer_0/output/dense/kernel:0, shape = (512, 128), *INIT_FROM_CKPT*
INFO:tensorflow:  name = bert/encoder/layer_0/output/dense/bias:0, shape = (128,), *INIT_FROM_CKPT*
INFO:tensorflow:  name = bert/encoder/layer_0/output/LayerNorm/beta:0, shape = (128,), *INIT_FROM_CKPT*
INFO:tensorflow:  name = bert/encoder/layer_0/output/LayerNorm/gamma:0, shape = (128,), *INIT_FROM_CKPT*
INFO:tensorflow:  name = bert/encoder/layer_1/attention/self/query/kernel:0, shape = (128, 128), *INIT_FROM_CKPT*
INFO:tensorflow:  name = bert/encoder/layer_1/attention/self/query/bias:0, shape = (128,), *INIT_FROM_CKPT*
INFO:tensorflow:  name = bert/encoder/layer_1/attention/self/key/kernel:0, shape = (128, 128), *INIT_FROM_CKPT*
INFO:tensorflow:  name = bert/encoder/layer_1/attention/self/key/bias:0, shape = (128,), *INIT_FROM_CKPT*
INFO:tensorflow:  name = bert/encoder/layer_1/attention/self/value/kernel:0, shape = (128, 128), *INIT_FROM_CKPT*
INFO:tensorflow:  name = bert/encoder/layer_1/attention/self/value/bias:0, shape = (128,), *INIT_FROM_CKPT*
INFO:tensorflow:  name = bert/encoder/layer_1/attention/output/dense/kernel:0, shape = (128, 128), *INIT_FROM_CKPT*
INFO:tensorflow:  name = bert/encoder/layer_1/attention/output/dense/bias:0, shape = (128,), *INIT_FROM_CKPT*
INFO:tensorflow:  name = bert/encoder/layer_1/attention/output/LayerNorm/beta:0, shape = (128,), *INIT_FROM_CKPT*
INFO:tensorflow:  name = bert/encoder/layer_1/attention/output/LayerNorm/gamma:0, shape = (128,), *INIT_FROM_CKPT*
INFO:tensorflow:  name = bert/encoder/layer_1/intermediate/dense/kernel:0, shape = (128, 512), *INIT_FROM_CKPT*
INFO:tensorflow:  name = bert/encoder/layer_1/intermediate/dense/bias:0, shape = (512,), *INIT_FROM_CKPT*
INFO:tensorflow:  name = bert/encoder/layer_1/output/dense/kernel:0, shape = (512, 128), *INIT_FROM_CKPT*
INFO:tensorflow:  name = bert/encoder/layer_1/output/dense/bias:0, shape = (128,), *INIT_FROM_CKPT*
INFO:tensorflow:  name = bert/encoder/layer_1/output/LayerNorm/beta:0, shape = (128,), *INIT_FROM_CKPT*
INFO:tensorflow:  name = bert/encoder/layer_1/output/LayerNorm/gamma:0, shape = (128,), *INIT_FROM_CKPT*
INFO:tensorflow:  name = bert/encoder/layer_2/attention/self/query/kernel:0, shape = (128, 128), *INIT_FROM_CKPT*
INFO:tensorflow:  name = bert/encoder/layer_2/attention/self/query/bias:0, shape = (128,), *INIT_FROM_CKPT*
INFO:tensorflow:  name = bert/encoder/layer_2/attention/self/key/kernel:0, shape = (128, 128), *INIT_FROM_CKPT*
INFO:tensorflow:  name = bert/encoder/layer_2/attention/self/key/bias:0, shape = (128,), *INIT_FROM_CKPT*
INFO:tensorflow:  name = bert/encoder/layer_2/attention/self/value/kernel:0, shape = (128, 128), *INIT_FROM_CKPT*
INFO:tensorflow:  name = bert/encoder/layer_2/attention/self/value/bias:0, shape = (128,), *INIT_FROM_CKPT*
INFO:tensorflow:  name = bert/encoder/layer_2/attention/output/dense/kernel:0, shape = (128, 128), *INIT_FROM_CKPT*
INFO:tensorflow:  name = bert/encoder/layer_2/attention/output/dense/bias:0, shape = (128,), *INIT_FROM_CKPT*
INFO:tensorflow:  name = bert/encoder/layer_2/attention/output/LayerNorm/beta:0, shape = (128,), *INIT_FROM_CKPT*
INFO:tensorflow:  name = bert/encoder/layer_2/attention/output/LayerNorm/gamma:0, shape = (128,), *INIT_FROM_CKPT*
INFO:tensorflow:  name = bert/encoder/layer_2/intermediate/dense/kernel:0, shape = (128, 512), *INIT_FROM_CKPT*
INFO:tensorflow:  name = bert/encoder/layer_2/intermediate/dense/bias:0, shape = (512,), *INIT_FROM_CKPT*
INFO:tensorflow:  name = bert/encoder/layer_2/output/dense/kernel:0, shape = (512, 128), *INIT_FROM_CKPT*
INFO:tensorflow:  name = bert/encoder/layer_2/output/dense/bias:0, shape = (128,), *INIT_FROM_CKPT*
INFO:tensorflow:  name = bert/encoder/layer_2/output/LayerNorm/beta:0, shape = (128,), *INIT_FROM_CKPT*
INFO:tensorflow:  name = bert/encoder/layer_2/output/LayerNorm/gamma:0, shape = (128,), *INIT_FROM_CKPT*
INFO:tensorflow:  name = bert/encoder/layer_3/attention/self/query/kernel:0, shape = (128, 128), *INIT_FROM_CKPT*
INFO:tensorflow:  name = bert/encoder/layer_3/attention/self/query/bias:0, shape = (128,), *INIT_FROM_CKPT*
INFO:tensorflow:  name = bert/encoder/layer_3/attention/self/key/kernel:0, shape = (128, 128), *INIT_FROM_CKPT*
INFO:tensorflow:  name = bert/encoder/layer_3/attention/self/key/bias:0, shape = (128,), *INIT_FROM_CKPT*
INFO:tensorflow:  name = bert/encoder/layer_3/attention/self/value/kernel:0, shape = (128, 128), *INIT_FROM_CKPT*
INFO:tensorflow:  name = bert/encoder/layer_3/attention/self/value/bias:0, shape = (128,), *INIT_FROM_CKPT*
INFO:tensorflow:  name = bert/encoder/layer_3/attention/output/dense/kernel:0, shape = (128, 128), *INIT_FROM_CKPT*
INFO:tensorflow:  name = bert/encoder/layer_3/attention/output/dense/bias:0, shape = (128,), *INIT_FROM_CKPT*
INFO:tensorflow:  name = bert/encoder/layer_3/attention/output/LayerNorm/beta:0, shape = (128,), *INIT_FROM_CKPT*
INFO:tensorflow:  name = bert/encoder/layer_3/attention/output/LayerNorm/gamma:0, shape = (128,), *INIT_FROM_CKPT*
INFO:tensorflow:  name = bert/encoder/layer_3/intermediate/dense/kernel:0, shape = (128, 512), *INIT_FROM_CKPT*
INFO:tensorflow:  name = bert/encoder/layer_3/intermediate/dense/bias:0, shape = (512,), *INIT_FROM_CKPT*
INFO:tensorflow:  name = bert/encoder/layer_3/output/dense/kernel:0, shape = (512, 128), *INIT_FROM_CKPT*
INFO:tensorflow:  name = bert/encoder/layer_3/output/dense/bias:0, shape = (128,), *INIT_FROM_CKPT*
INFO:tensorflow:  name = bert/encoder/layer_3/output/LayerNorm/beta:0, shape = (128,), *INIT_FROM_CKPT*
INFO:tensorflow:  name = bert/encoder/layer_3/output/LayerNorm/gamma:0, shape = (128,), *INIT_FROM_CKPT*
INFO:tensorflow:  name = bert/encoder/layer_4/attention/self/query/kernel:0, shape = (128, 128), *INIT_FROM_CKPT*
INFO:tensorflow:  name = bert/encoder/layer_4/attention/self/query/bias:0, shape = (128,), *INIT_FROM_CKPT*
INFO:tensorflow:  name = bert/encoder/layer_4/attention/self/key/kernel:0, shape = (128, 128), *INIT_FROM_CKPT*
INFO:tensorflow:  name = bert/encoder/layer_4/attention/self/key/bias:0, shape = (128,), *INIT_FROM_CKPT*
INFO:tensorflow:  name = bert/encoder/layer_4/attention/self/value/kernel:0, shape = (128, 128), *INIT_FROM_CKPT*
INFO:tensorflow:  name = bert/encoder/layer_4/attention/self/value/bias:0, shape = (128,), *INIT_FROM_CKPT*
INFO:tensorflow:  name = bert/encoder/layer_4/attention/output/dense/kernel:0, shape = (128, 128), *INIT_FROM_CKPT*
INFO:tensorflow:  name = bert/encoder/layer_4/attention/output/dense/bias:0, shape = (128,), *INIT_FROM_CKPT*
INFO:tensorflow:  name = bert/encoder/layer_4/attention/output/LayerNorm/beta:0, shape = (128,), *INIT_FROM_CKPT*
INFO:tensorflow:  name = bert/encoder/layer_4/attention/output/LayerNorm/gamma:0, shape = (128,), *INIT_FROM_CKPT*
INFO:tensorflow:  name = bert/encoder/layer_4/intermediate/dense/kernel:0, shape = (128, 512), *INIT_FROM_CKPT*
INFO:tensorflow:  name = bert/encoder/layer_4/intermediate/dense/bias:0, shape = (512,), *INIT_FROM_CKPT*
INFO:tensorflow:  name = bert/encoder/layer_4/output/dense/kernel:0, shape = (512, 128), *INIT_FROM_CKPT*
INFO:tensorflow:  name = bert/encoder/layer_4/output/dense/bias:0, shape = (128,), *INIT_FROM_CKPT*
INFO:tensorflow:  name = bert/encoder/layer_4/output/LayerNorm/beta:0, shape = (128,), *INIT_FROM_CKPT*
INFO:tensorflow:  name = bert/encoder/layer_4/output/LayerNorm/gamma:0, shape = (128,), *INIT_FROM_CKPT*
INFO:tensorflow:  name = bert/encoder/layer_5/attention/self/query/kernel:0, shape = (128, 128), *INIT_FROM_CKPT*
INFO:tensorflow:  name = bert/encoder/layer_5/attention/self/query/bias:0, shape = (128,), *INIT_FROM_CKPT*
INFO:tensorflow:  name = bert/encoder/layer_5/attention/self/key/kernel:0, shape = (128, 128), *INIT_FROM_CKPT*
INFO:tensorflow:  name = bert/encoder/layer_5/attention/self/key/bias:0, shape = (128,), *INIT_FROM_CKPT*
INFO:tensorflow:  name = bert/encoder/layer_5/attention/self/value/kernel:0, shape = (128, 128), *INIT_FROM_CKPT*
INFO:tensorflow:  name = bert/encoder/layer_5/attention/self/value/bias:0, shape = (128,), *INIT_FROM_CKPT*
INFO:tensorflow:  name = bert/encoder/layer_5/attention/output/dense/kernel:0, shape = (128, 128), *INIT_FROM_CKPT*
INFO:tensorflow:  name = bert/encoder/layer_5/attention/output/dense/bias:0, shape = (128,), *INIT_FROM_CKPT*
INFO:tensorflow:  name = bert/encoder/layer_5/attention/output/LayerNorm/beta:0, shape = (128,), *INIT_FROM_CKPT*
INFO:tensorflow:  name = bert/encoder/layer_5/attention/output/LayerNorm/gamma:0, shape = (128,), *INIT_FROM_CKPT*
INFO:tensorflow:  name = bert/encoder/layer_5/intermediate/dense/kernel:0, shape = (128, 512), *INIT_FROM_CKPT*
INFO:tensorflow:  name = bert/encoder/layer_5/intermediate/dense/bias:0, shape = (512,), *INIT_FROM_CKPT*
INFO:tensorflow:  name = bert/encoder/layer_5/output/dense/kernel:0, shape = (512, 128), *INIT_FROM_CKPT*
INFO:tensorflow:  name = bert/encoder/layer_5/output/dense/bias:0, shape = (128,), *INIT_FROM_CKPT*
INFO:tensorflow:  name = bert/encoder/layer_5/output/LayerNorm/beta:0, shape = (128,), *INIT_FROM_CKPT*
INFO:tensorflow:  name = bert/encoder/layer_5/output/LayerNorm/gamma:0, shape = (128,), *INIT_FROM_CKPT*
INFO:tensorflow:  name = bert/pooler/dense/kernel:0, shape = (128, 128), *INIT_FROM_CKPT*
INFO:tensorflow:  name = bert/pooler/dense/bias:0, shape = (128,), *INIT_FROM_CKPT*
INFO:tensorflow:  name = cls/predictions/transform/dense/kernel:0, shape = (128, 128), *INIT_FROM_CKPT*
INFO:tensorflow:  name = cls/predictions/transform/dense/bias:0, shape = (128,), *INIT_FROM_CKPT*
INFO:tensorflow:  name = cls/predictions/transform/LayerNorm/beta:0, shape = (128,), *INIT_FROM_CKPT*
INFO:tensorflow:  name = cls/predictions/transform/LayerNorm/gamma:0, shape = (128,), *INIT_FROM_CKPT*
INFO:tensorflow:  name = cls/predictions/output_bias:0, shape = (30522,), *INIT_FROM_CKPT*
INFO:tensorflow:  name = cls/seq_relationship/output_weights:0, shape = (2, 128), *INIT_FROM_CKPT*
INFO:tensorflow:  name = cls/seq_relationship/output_bias:0, shape = (2,), *INIT_FROM_CKPT*
INFO:tensorflow:Done calling model_fn.
INFO:tensorflow:Create CheckpointSaverHook.
INFO:tensorflow:Graph was finalized.
2024-03-23 19:58:25.314406: I tensorflow/core/platform/cpu_feature_guard.cc:141] Your CPU supports instructions that this TensorFlow binary was not compiled to use: AVX2 AVX512F FMA
2024-03-23 19:58:25.507063: I tensorflow/core/common_runtime/gpu/gpu_device.cc:1411] Found device 0 with properties: 
name: Tesla V100-PCIE-32GB major: 7 minor: 0 memoryClockRate(GHz): 1.38
pciBusID: 0000:3b:00.0
totalMemory: 31.73GiB freeMemory: 31.43GiB
2024-03-23 19:58:25.507165: I tensorflow/core/common_runtime/gpu/gpu_device.cc:1490] Adding visible gpu devices: 0
2024-03-23 19:58:26.156136: I tensorflow/core/common_runtime/gpu/gpu_device.cc:971] Device interconnect StreamExecutor with strength 1 edge matrix:
2024-03-23 19:58:26.156252: I tensorflow/core/common_runtime/gpu/gpu_device.cc:977]      0 
2024-03-23 19:58:26.156272: I tensorflow/core/common_runtime/gpu/gpu_device.cc:990] 0:   N 
2024-03-23 19:58:26.156478: I tensorflow/core/common_runtime/gpu/gpu_device.cc:1103] Created TensorFlow device (/job:localhost/replica:0/task:0/device:GPU:0 with 30495 MB memory) -> physical GPU (device: 0, name: Tesla V100-PCIE-32GB, pci bus id: 0000:3b:00.0, compute capability: 7.0)
INFO:tensorflow:Running local_init_op.
INFO:tensorflow:Done running local_init_op.
INFO:tensorflow:Saving checkpoints for 0 into ../models/Original/S2/model.ckpt.
INFO:tensorflow:global_step/sec: 11.3693
INFO:tensorflow:examples/sec: 45.477
INFO:tensorflow:global_step/sec: 27.4641
INFO:tensorflow:examples/sec: 109.856
INFO:tensorflow:global_step/sec: 27.2792
INFO:tensorflow:examples/sec: 109.117
INFO:tensorflow:global_step/sec: 27.0049
INFO:tensorflow:examples/sec: 108.019
INFO:tensorflow:global_step/sec: 27.6156
INFO:tensorflow:examples/sec: 110.462
INFO:tensorflow:global_step/sec: 27.1417
INFO:tensorflow:examples/sec: 108.567
INFO:tensorflow:global_step/sec: 26.7913
INFO:tensorflow:examples/sec: 107.165
INFO:tensorflow:global_step/sec: 27.1553
INFO:tensorflow:examples/sec: 108.621
INFO:tensorflow:global_step/sec: 27.6781
INFO:tensorflow:examples/sec: 110.713
INFO:tensorflow:Saving checkpoints for 1000 into ../models/Original/S2/model.ckpt.
INFO:tensorflow:global_step/sec: 18.5952
INFO:tensorflow:examples/sec: 74.381
INFO:tensorflow:global_step/sec: 26.5077
INFO:tensorflow:examples/sec: 106.031
INFO:tensorflow:global_step/sec: 27.3089
INFO:tensorflow:examples/sec: 109.236
INFO:tensorflow:global_step/sec: 26.7197
INFO:tensorflow:examples/sec: 106.879
INFO:tensorflow:global_step/sec: 27.7152
INFO:tensorflow:examples/sec: 110.861
INFO:tensorflow:global_step/sec: 26.7422
INFO:tensorflow:examples/sec: 106.969
INFO:tensorflow:global_step/sec: 27.1036
INFO:tensorflow:examples/sec: 108.414
INFO:tensorflow:global_step/sec: 26.891
INFO:tensorflow:examples/sec: 107.564
INFO:tensorflow:global_step/sec: 26.7219
INFO:tensorflow:examples/sec: 106.888
INFO:tensorflow:global_step/sec: 35.8435
INFO:tensorflow:examples/sec: 143.374
INFO:tensorflow:Saving checkpoints for 2000 into ../models/Original/S2/model.ckpt.
INFO:tensorflow:global_step/sec: 29.3694
INFO:tensorflow:examples/sec: 117.478
INFO:tensorflow:global_step/sec: 29.7592
INFO:tensorflow:examples/sec: 119.037
INFO:tensorflow:global_step/sec: 26.782
INFO:tensorflow:examples/sec: 107.128
INFO:tensorflow:global_step/sec: 26.5644
INFO:tensorflow:examples/sec: 106.258
INFO:tensorflow:global_step/sec: 26.853
INFO:tensorflow:examples/sec: 107.412
INFO:tensorflow:global_step/sec: 25.5256
INFO:tensorflow:examples/sec: 102.102
INFO:tensorflow:global_step/sec: 26.2876
INFO:tensorflow:examples/sec: 105.15
INFO:tensorflow:global_step/sec: 26.8384
INFO:tensorflow:examples/sec: 107.354
INFO:tensorflow:global_step/sec: 26.3772
INFO:tensorflow:examples/sec: 105.509
INFO:tensorflow:global_step/sec: 26.849
INFO:tensorflow:examples/sec: 107.396
INFO:tensorflow:Saving checkpoints for 3000 into ../models/Original/S2/model.ckpt.
INFO:tensorflow:global_step/sec: 17.7203
INFO:tensorflow:examples/sec: 70.8811
INFO:tensorflow:global_step/sec: 26.4156
INFO:tensorflow:examples/sec: 105.662
INFO:tensorflow:global_step/sec: 26.8602
INFO:tensorflow:examples/sec: 107.441
INFO:tensorflow:global_step/sec: 26.3874
INFO:tensorflow:examples/sec: 105.549
INFO:tensorflow:global_step/sec: 26.6022
INFO:tensorflow:examples/sec: 106.409
INFO:tensorflow:global_step/sec: 26.6742
INFO:tensorflow:examples/sec: 106.697
INFO:tensorflow:global_step/sec: 26.4439
INFO:tensorflow:examples/sec: 105.775
INFO:tensorflow:global_step/sec: 26.6943
INFO:tensorflow:examples/sec: 106.777
INFO:tensorflow:global_step/sec: 26.3721
INFO:tensorflow:examples/sec: 105.488
INFO:tensorflow:global_step/sec: 25.8827
INFO:tensorflow:examples/sec: 103.531
INFO:tensorflow:Saving checkpoints for 4000 into ../models/Original/S2/model.ckpt.
INFO:tensorflow:global_step/sec: 17.7717
INFO:tensorflow:examples/sec: 71.0868
INFO:tensorflow:global_step/sec: 25.7821
INFO:tensorflow:examples/sec: 103.128
INFO:tensorflow:global_step/sec: 26.3881
INFO:tensorflow:examples/sec: 105.553
INFO:tensorflow:global_step/sec: 26.2933
INFO:tensorflow:examples/sec: 105.173
INFO:tensorflow:global_step/sec: 26.8805
INFO:tensorflow:examples/sec: 107.522
INFO:tensorflow:global_step/sec: 26.6095
INFO:tensorflow:examples/sec: 106.438
INFO:tensorflow:global_step/sec: 27.0106
INFO:tensorflow:examples/sec: 108.042
INFO:tensorflow:global_step/sec: 26.1779
INFO:tensorflow:examples/sec: 104.712
INFO:tensorflow:global_step/sec: 26.6822
INFO:tensorflow:examples/sec: 106.729
INFO:tensorflow:global_step/sec: 27.0867
INFO:tensorflow:examples/sec: 108.347
INFO:tensorflow:Saving checkpoints for 5000 into ../models/Original/S2/model.ckpt.
INFO:tensorflow:global_step/sec: 18.0329
INFO:tensorflow:examples/sec: 72.1315
INFO:tensorflow:global_step/sec: 26.2634
INFO:tensorflow:examples/sec: 105.054
INFO:tensorflow:global_step/sec: 26.3378
INFO:tensorflow:examples/sec: 105.351
INFO:tensorflow:global_step/sec: 25.9484
INFO:tensorflow:examples/sec: 103.794
INFO:tensorflow:global_step/sec: 26.3556
INFO:tensorflow:examples/sec: 105.422
INFO:tensorflow:global_step/sec: 26.0636
INFO:tensorflow:examples/sec: 104.254
INFO:tensorflow:global_step/sec: 26.0536
INFO:tensorflow:examples/sec: 104.215
INFO:tensorflow:global_step/sec: 26.2203
INFO:tensorflow:examples/sec: 104.881
INFO:tensorflow:global_step/sec: 26.376
INFO:tensorflow:examples/sec: 105.504
INFO:tensorflow:global_step/sec: 26.7131
INFO:tensorflow:examples/sec: 106.852
INFO:tensorflow:Saving checkpoints for 6000 into ../models/Original/S2/model.ckpt.
INFO:tensorflow:global_step/sec: 17.4425
INFO:tensorflow:examples/sec: 69.77
INFO:tensorflow:global_step/sec: 25.9852
INFO:tensorflow:examples/sec: 103.941
INFO:tensorflow:global_step/sec: 26.5436
INFO:tensorflow:examples/sec: 106.174
INFO:tensorflow:global_step/sec: 26.545
INFO:tensorflow:examples/sec: 106.18
INFO:tensorflow:global_step/sec: 26.842
INFO:tensorflow:examples/sec: 107.368
INFO:tensorflow:global_step/sec: 26.7353
INFO:tensorflow:examples/sec: 106.941
INFO:tensorflow:global_step/sec: 26.8271
INFO:tensorflow:examples/sec: 107.308
INFO:tensorflow:global_step/sec: 26.1442
INFO:tensorflow:examples/sec: 104.577
INFO:tensorflow:global_step/sec: 26.1617
INFO:tensorflow:examples/sec: 104.647
INFO:tensorflow:global_step/sec: 26.6289
INFO:tensorflow:examples/sec: 106.516
INFO:tensorflow:Saving checkpoints for 7000 into ../models/Original/S2/model.ckpt.
INFO:tensorflow:global_step/sec: 17.7559
INFO:tensorflow:examples/sec: 71.0237
INFO:tensorflow:global_step/sec: 26.6916
INFO:tensorflow:examples/sec: 106.766
INFO:tensorflow:global_step/sec: 26.9318
INFO:tensorflow:examples/sec: 107.727
INFO:tensorflow:global_step/sec: 27.0856
INFO:tensorflow:examples/sec: 108.342
INFO:tensorflow:global_step/sec: 26.5602
INFO:tensorflow:examples/sec: 106.241
INFO:tensorflow:global_step/sec: 26.4053
INFO:tensorflow:examples/sec: 105.621
INFO:tensorflow:global_step/sec: 27.1138
INFO:tensorflow:examples/sec: 108.455
INFO:tensorflow:global_step/sec: 26.9546
INFO:tensorflow:examples/sec: 107.818
INFO:tensorflow:global_step/sec: 26.2014
INFO:tensorflow:examples/sec: 104.806
INFO:tensorflow:global_step/sec: 26.6475
INFO:tensorflow:examples/sec: 106.59
INFO:tensorflow:Saving checkpoints for 8000 into ../models/Original/S2/model.ckpt.
INFO:tensorflow:global_step/sec: 18.0995
INFO:tensorflow:examples/sec: 72.3981
INFO:tensorflow:global_step/sec: 26.2374
INFO:tensorflow:examples/sec: 104.95
INFO:tensorflow:global_step/sec: 25.5854
INFO:tensorflow:examples/sec: 102.342
INFO:tensorflow:global_step/sec: 26.3124
INFO:tensorflow:examples/sec: 105.25
INFO:tensorflow:global_step/sec: 25.8021
INFO:tensorflow:examples/sec: 103.209
INFO:tensorflow:global_step/sec: 26.4612
INFO:tensorflow:examples/sec: 105.845
INFO:tensorflow:global_step/sec: 26.4979
INFO:tensorflow:examples/sec: 105.992
INFO:tensorflow:global_step/sec: 26.5378
INFO:tensorflow:examples/sec: 106.151
INFO:tensorflow:global_step/sec: 26.7925
INFO:tensorflow:examples/sec: 107.17
INFO:tensorflow:global_step/sec: 26.8743
INFO:tensorflow:examples/sec: 107.497
INFO:tensorflow:Saving checkpoints for 9000 into ../models/Original/S2/model.ckpt.
INFO:tensorflow:global_step/sec: 18.2987
INFO:tensorflow:examples/sec: 73.1948
INFO:tensorflow:global_step/sec: 26.489
INFO:tensorflow:examples/sec: 105.956
INFO:tensorflow:global_step/sec: 26.703
INFO:tensorflow:examples/sec: 106.812
INFO:tensorflow:global_step/sec: 26.8558
INFO:tensorflow:examples/sec: 107.423
INFO:tensorflow:global_step/sec: 25.759
INFO:tensorflow:examples/sec: 103.036
INFO:tensorflow:global_step/sec: 26.8334
INFO:tensorflow:examples/sec: 107.333
INFO:tensorflow:global_step/sec: 26.3521
INFO:tensorflow:examples/sec: 105.408
INFO:tensorflow:global_step/sec: 26.9538
INFO:tensorflow:examples/sec: 107.815
INFO:tensorflow:global_step/sec: 26.7972
INFO:tensorflow:examples/sec: 107.189
INFO:tensorflow:global_step/sec: 26.3538
INFO:tensorflow:examples/sec: 105.415
INFO:tensorflow:Saving checkpoints for 10000 into ../models/Original/S2/model.ckpt.
INFO:tensorflow:Loss for final step: 2.0479403.
INFO:tensorflow:training_loop marked as finished
INFO:tensorflow:***** Running evaluation *****
INFO:tensorflow:  Batch size = 8
INFO:tensorflow:Calling model_fn.
INFO:tensorflow:Running eval on CPU
INFO:tensorflow:*** Features ***
INFO:tensorflow:  name = input_ids, shape = (8, 32)
INFO:tensorflow:  name = input_mask, shape = (8, 32)
INFO:tensorflow:  name = masked_lm_ids, shape = (8, 20)
INFO:tensorflow:  name = masked_lm_positions, shape = (8, 20)
INFO:tensorflow:  name = masked_lm_weights, shape = (8, 20)
INFO:tensorflow:  name = next_sentence_labels, shape = (8, 1)
INFO:tensorflow:  name = segment_ids, shape = (8, 32)
INFO:tensorflow:**** Trainable Variables ****
INFO:tensorflow:  name = bert/embeddings/word_embeddings:0, shape = (30522, 128), *INIT_FROM_CKPT*
INFO:tensorflow:  name = bert/embeddings/token_type_embeddings:0, shape = (2, 128), *INIT_FROM_CKPT*
INFO:tensorflow:  name = bert/embeddings/position_embeddings:0, shape = (512, 128), *INIT_FROM_CKPT*
INFO:tensorflow:  name = bert/embeddings/LayerNorm/beta:0, shape = (128,), *INIT_FROM_CKPT*
INFO:tensorflow:  name = bert/embeddings/LayerNorm/gamma:0, shape = (128,), *INIT_FROM_CKPT*
INFO:tensorflow:  name = bert/encoder/layer_0/attention/self/query/kernel:0, shape = (128, 128), *INIT_FROM_CKPT*
INFO:tensorflow:  name = bert/encoder/layer_0/attention/self/query/bias:0, shape = (128,), *INIT_FROM_CKPT*
INFO:tensorflow:  name = bert/encoder/layer_0/attention/self/key/kernel:0, shape = (128, 128), *INIT_FROM_CKPT*
INFO:tensorflow:  name = bert/encoder/layer_0/attention/self/key/bias:0, shape = (128,), *INIT_FROM_CKPT*
INFO:tensorflow:  name = bert/encoder/layer_0/attention/self/value/kernel:0, shape = (128, 128), *INIT_FROM_CKPT*
INFO:tensorflow:  name = bert/encoder/layer_0/attention/self/value/bias:0, shape = (128,), *INIT_FROM_CKPT*
INFO:tensorflow:  name = bert/encoder/layer_0/attention/output/dense/kernel:0, shape = (128, 128), *INIT_FROM_CKPT*
INFO:tensorflow:  name = bert/encoder/layer_0/attention/output/dense/bias:0, shape = (128,), *INIT_FROM_CKPT*
INFO:tensorflow:  name = bert/encoder/layer_0/attention/output/LayerNorm/beta:0, shape = (128,), *INIT_FROM_CKPT*
INFO:tensorflow:  name = bert/encoder/layer_0/attention/output/LayerNorm/gamma:0, shape = (128,), *INIT_FROM_CKPT*
INFO:tensorflow:  name = bert/encoder/layer_0/intermediate/dense/kernel:0, shape = (128, 512), *INIT_FROM_CKPT*
INFO:tensorflow:  name = bert/encoder/layer_0/intermediate/dense/bias:0, shape = (512,), *INIT_FROM_CKPT*
INFO:tensorflow:  name = bert/encoder/layer_0/output/dense/kernel:0, shape = (512, 128), *INIT_FROM_CKPT*
INFO:tensorflow:  name = bert/encoder/layer_0/output/dense/bias:0, shape = (128,), *INIT_FROM_CKPT*
INFO:tensorflow:  name = bert/encoder/layer_0/output/LayerNorm/beta:0, shape = (128,), *INIT_FROM_CKPT*
INFO:tensorflow:  name = bert/encoder/layer_0/output/LayerNorm/gamma:0, shape = (128,), *INIT_FROM_CKPT*
INFO:tensorflow:  name = bert/encoder/layer_1/attention/self/query/kernel:0, shape = (128, 128), *INIT_FROM_CKPT*
INFO:tensorflow:  name = bert/encoder/layer_1/attention/self/query/bias:0, shape = (128,), *INIT_FROM_CKPT*
INFO:tensorflow:  name = bert/encoder/layer_1/attention/self/key/kernel:0, shape = (128, 128), *INIT_FROM_CKPT*
INFO:tensorflow:  name = bert/encoder/layer_1/attention/self/key/bias:0, shape = (128,), *INIT_FROM_CKPT*
INFO:tensorflow:  name = bert/encoder/layer_1/attention/self/value/kernel:0, shape = (128, 128), *INIT_FROM_CKPT*
INFO:tensorflow:  name = bert/encoder/layer_1/attention/self/value/bias:0, shape = (128,), *INIT_FROM_CKPT*
INFO:tensorflow:  name = bert/encoder/layer_1/attention/output/dense/kernel:0, shape = (128, 128), *INIT_FROM_CKPT*
INFO:tensorflow:  name = bert/encoder/layer_1/attention/output/dense/bias:0, shape = (128,), *INIT_FROM_CKPT*
INFO:tensorflow:  name = bert/encoder/layer_1/attention/output/LayerNorm/beta:0, shape = (128,), *INIT_FROM_CKPT*
INFO:tensorflow:  name = bert/encoder/layer_1/attention/output/LayerNorm/gamma:0, shape = (128,), *INIT_FROM_CKPT*
INFO:tensorflow:  name = bert/encoder/layer_1/intermediate/dense/kernel:0, shape = (128, 512), *INIT_FROM_CKPT*
INFO:tensorflow:  name = bert/encoder/layer_1/intermediate/dense/bias:0, shape = (512,), *INIT_FROM_CKPT*
INFO:tensorflow:  name = bert/encoder/layer_1/output/dense/kernel:0, shape = (512, 128), *INIT_FROM_CKPT*
INFO:tensorflow:  name = bert/encoder/layer_1/output/dense/bias:0, shape = (128,), *INIT_FROM_CKPT*
INFO:tensorflow:  name = bert/encoder/layer_1/output/LayerNorm/beta:0, shape = (128,), *INIT_FROM_CKPT*
INFO:tensorflow:  name = bert/encoder/layer_1/output/LayerNorm/gamma:0, shape = (128,), *INIT_FROM_CKPT*
INFO:tensorflow:  name = bert/encoder/layer_2/attention/self/query/kernel:0, shape = (128, 128), *INIT_FROM_CKPT*
INFO:tensorflow:  name = bert/encoder/layer_2/attention/self/query/bias:0, shape = (128,), *INIT_FROM_CKPT*
INFO:tensorflow:  name = bert/encoder/layer_2/attention/self/key/kernel:0, shape = (128, 128), *INIT_FROM_CKPT*
INFO:tensorflow:  name = bert/encoder/layer_2/attention/self/key/bias:0, shape = (128,), *INIT_FROM_CKPT*
INFO:tensorflow:  name = bert/encoder/layer_2/attention/self/value/kernel:0, shape = (128, 128), *INIT_FROM_CKPT*
INFO:tensorflow:  name = bert/encoder/layer_2/attention/self/value/bias:0, shape = (128,), *INIT_FROM_CKPT*
INFO:tensorflow:  name = bert/encoder/layer_2/attention/output/dense/kernel:0, shape = (128, 128), *INIT_FROM_CKPT*
INFO:tensorflow:  name = bert/encoder/layer_2/attention/output/dense/bias:0, shape = (128,), *INIT_FROM_CKPT*
INFO:tensorflow:  name = bert/encoder/layer_2/attention/output/LayerNorm/beta:0, shape = (128,), *INIT_FROM_CKPT*
INFO:tensorflow:  name = bert/encoder/layer_2/attention/output/LayerNorm/gamma:0, shape = (128,), *INIT_FROM_CKPT*
INFO:tensorflow:  name = bert/encoder/layer_2/intermediate/dense/kernel:0, shape = (128, 512), *INIT_FROM_CKPT*
INFO:tensorflow:  name = bert/encoder/layer_2/intermediate/dense/bias:0, shape = (512,), *INIT_FROM_CKPT*
INFO:tensorflow:  name = bert/encoder/layer_2/output/dense/kernel:0, shape = (512, 128), *INIT_FROM_CKPT*
INFO:tensorflow:  name = bert/encoder/layer_2/output/dense/bias:0, shape = (128,), *INIT_FROM_CKPT*
INFO:tensorflow:  name = bert/encoder/layer_2/output/LayerNorm/beta:0, shape = (128,), *INIT_FROM_CKPT*
INFO:tensorflow:  name = bert/encoder/layer_2/output/LayerNorm/gamma:0, shape = (128,), *INIT_FROM_CKPT*
INFO:tensorflow:  name = bert/encoder/layer_3/attention/self/query/kernel:0, shape = (128, 128), *INIT_FROM_CKPT*
INFO:tensorflow:  name = bert/encoder/layer_3/attention/self/query/bias:0, shape = (128,), *INIT_FROM_CKPT*
INFO:tensorflow:  name = bert/encoder/layer_3/attention/self/key/kernel:0, shape = (128, 128), *INIT_FROM_CKPT*
INFO:tensorflow:  name = bert/encoder/layer_3/attention/self/key/bias:0, shape = (128,), *INIT_FROM_CKPT*
INFO:tensorflow:  name = bert/encoder/layer_3/attention/self/value/kernel:0, shape = (128, 128), *INIT_FROM_CKPT*
INFO:tensorflow:  name = bert/encoder/layer_3/attention/self/value/bias:0, shape = (128,), *INIT_FROM_CKPT*
INFO:tensorflow:  name = bert/encoder/layer_3/attention/output/dense/kernel:0, shape = (128, 128), *INIT_FROM_CKPT*
INFO:tensorflow:  name = bert/encoder/layer_3/attention/output/dense/bias:0, shape = (128,), *INIT_FROM_CKPT*
INFO:tensorflow:  name = bert/encoder/layer_3/attention/output/LayerNorm/beta:0, shape = (128,), *INIT_FROM_CKPT*
INFO:tensorflow:  name = bert/encoder/layer_3/attention/output/LayerNorm/gamma:0, shape = (128,), *INIT_FROM_CKPT*
INFO:tensorflow:  name = bert/encoder/layer_3/intermediate/dense/kernel:0, shape = (128, 512), *INIT_FROM_CKPT*
INFO:tensorflow:  name = bert/encoder/layer_3/intermediate/dense/bias:0, shape = (512,), *INIT_FROM_CKPT*
INFO:tensorflow:  name = bert/encoder/layer_3/output/dense/kernel:0, shape = (512, 128), *INIT_FROM_CKPT*
INFO:tensorflow:  name = bert/encoder/layer_3/output/dense/bias:0, shape = (128,), *INIT_FROM_CKPT*
INFO:tensorflow:  name = bert/encoder/layer_3/output/LayerNorm/beta:0, shape = (128,), *INIT_FROM_CKPT*
INFO:tensorflow:  name = bert/encoder/layer_3/output/LayerNorm/gamma:0, shape = (128,), *INIT_FROM_CKPT*
INFO:tensorflow:  name = bert/encoder/layer_4/attention/self/query/kernel:0, shape = (128, 128), *INIT_FROM_CKPT*
INFO:tensorflow:  name = bert/encoder/layer_4/attention/self/query/bias:0, shape = (128,), *INIT_FROM_CKPT*
INFO:tensorflow:  name = bert/encoder/layer_4/attention/self/key/kernel:0, shape = (128, 128), *INIT_FROM_CKPT*
INFO:tensorflow:  name = bert/encoder/layer_4/attention/self/key/bias:0, shape = (128,), *INIT_FROM_CKPT*
INFO:tensorflow:  name = bert/encoder/layer_4/attention/self/value/kernel:0, shape = (128, 128), *INIT_FROM_CKPT*
INFO:tensorflow:  name = bert/encoder/layer_4/attention/self/value/bias:0, shape = (128,), *INIT_FROM_CKPT*
INFO:tensorflow:  name = bert/encoder/layer_4/attention/output/dense/kernel:0, shape = (128, 128), *INIT_FROM_CKPT*
INFO:tensorflow:  name = bert/encoder/layer_4/attention/output/dense/bias:0, shape = (128,), *INIT_FROM_CKPT*
INFO:tensorflow:  name = bert/encoder/layer_4/attention/output/LayerNorm/beta:0, shape = (128,), *INIT_FROM_CKPT*
INFO:tensorflow:  name = bert/encoder/layer_4/attention/output/LayerNorm/gamma:0, shape = (128,), *INIT_FROM_CKPT*
INFO:tensorflow:  name = bert/encoder/layer_4/intermediate/dense/kernel:0, shape = (128, 512), *INIT_FROM_CKPT*
INFO:tensorflow:  name = bert/encoder/layer_4/intermediate/dense/bias:0, shape = (512,), *INIT_FROM_CKPT*
INFO:tensorflow:  name = bert/encoder/layer_4/output/dense/kernel:0, shape = (512, 128), *INIT_FROM_CKPT*
INFO:tensorflow:  name = bert/encoder/layer_4/output/dense/bias:0, shape = (128,), *INIT_FROM_CKPT*
INFO:tensorflow:  name = bert/encoder/layer_4/output/LayerNorm/beta:0, shape = (128,), *INIT_FROM_CKPT*
INFO:tensorflow:  name = bert/encoder/layer_4/output/LayerNorm/gamma:0, shape = (128,), *INIT_FROM_CKPT*
INFO:tensorflow:  name = bert/encoder/layer_5/attention/self/query/kernel:0, shape = (128, 128), *INIT_FROM_CKPT*
INFO:tensorflow:  name = bert/encoder/layer_5/attention/self/query/bias:0, shape = (128,), *INIT_FROM_CKPT*
INFO:tensorflow:  name = bert/encoder/layer_5/attention/self/key/kernel:0, shape = (128, 128), *INIT_FROM_CKPT*
INFO:tensorflow:  name = bert/encoder/layer_5/attention/self/key/bias:0, shape = (128,), *INIT_FROM_CKPT*
INFO:tensorflow:  name = bert/encoder/layer_5/attention/self/value/kernel:0, shape = (128, 128), *INIT_FROM_CKPT*
INFO:tensorflow:  name = bert/encoder/layer_5/attention/self/value/bias:0, shape = (128,), *INIT_FROM_CKPT*
INFO:tensorflow:  name = bert/encoder/layer_5/attention/output/dense/kernel:0, shape = (128, 128), *INIT_FROM_CKPT*
INFO:tensorflow:  name = bert/encoder/layer_5/attention/output/dense/bias:0, shape = (128,), *INIT_FROM_CKPT*
INFO:tensorflow:  name = bert/encoder/layer_5/attention/output/LayerNorm/beta:0, shape = (128,), *INIT_FROM_CKPT*
INFO:tensorflow:  name = bert/encoder/layer_5/attention/output/LayerNorm/gamma:0, shape = (128,), *INIT_FROM_CKPT*
INFO:tensorflow:  name = bert/encoder/layer_5/intermediate/dense/kernel:0, shape = (128, 512), *INIT_FROM_CKPT*
INFO:tensorflow:  name = bert/encoder/layer_5/intermediate/dense/bias:0, shape = (512,), *INIT_FROM_CKPT*
INFO:tensorflow:  name = bert/encoder/layer_5/output/dense/kernel:0, shape = (512, 128), *INIT_FROM_CKPT*
INFO:tensorflow:  name = bert/encoder/layer_5/output/dense/bias:0, shape = (128,), *INIT_FROM_CKPT*
INFO:tensorflow:  name = bert/encoder/layer_5/output/LayerNorm/beta:0, shape = (128,), *INIT_FROM_CKPT*
INFO:tensorflow:  name = bert/encoder/layer_5/output/LayerNorm/gamma:0, shape = (128,), *INIT_FROM_CKPT*
INFO:tensorflow:  name = bert/pooler/dense/kernel:0, shape = (128, 128), *INIT_FROM_CKPT*
INFO:tensorflow:  name = bert/pooler/dense/bias:0, shape = (128,), *INIT_FROM_CKPT*
INFO:tensorflow:  name = cls/predictions/transform/dense/kernel:0, shape = (128, 128), *INIT_FROM_CKPT*
INFO:tensorflow:  name = cls/predictions/transform/dense/bias:0, shape = (128,), *INIT_FROM_CKPT*
INFO:tensorflow:  name = cls/predictions/transform/LayerNorm/beta:0, shape = (128,), *INIT_FROM_CKPT*
INFO:tensorflow:  name = cls/predictions/transform/LayerNorm/gamma:0, shape = (128,), *INIT_FROM_CKPT*
INFO:tensorflow:  name = cls/predictions/output_bias:0, shape = (30522,), *INIT_FROM_CKPT*
INFO:tensorflow:  name = cls/seq_relationship/output_weights:0, shape = (2, 128), *INIT_FROM_CKPT*
INFO:tensorflow:  name = cls/seq_relationship/output_bias:0, shape = (2,), *INIT_FROM_CKPT*
INFO:tensorflow:Done calling model_fn.
INFO:tensorflow:Starting evaluation at 2024-03-23-20:05:27
INFO:tensorflow:Graph was finalized.
2024-03-23 20:05:28.568375: I tensorflow/core/common_runtime/gpu/gpu_device.cc:1490] Adding visible gpu devices: 0
2024-03-23 20:05:28.568522: I tensorflow/core/common_runtime/gpu/gpu_device.cc:971] Device interconnect StreamExecutor with strength 1 edge matrix:
2024-03-23 20:05:28.568565: I tensorflow/core/common_runtime/gpu/gpu_device.cc:977]      0 
2024-03-23 20:05:28.568587: I tensorflow/core/common_runtime/gpu/gpu_device.cc:990] 0:   N 
2024-03-23 20:05:28.568750: I tensorflow/core/common_runtime/gpu/gpu_device.cc:1103] Created TensorFlow device (/job:localhost/replica:0/task:0/device:GPU:0 with 30495 MB memory) -> physical GPU (device: 0, name: Tesla V100-PCIE-32GB, pci bus id: 0000:3b:00.0, compute capability: 7.0)
INFO:tensorflow:Restoring parameters from ../models/Original/S2/model.ckpt-10000
INFO:tensorflow:Running local_init_op.
INFO:tensorflow:Done running local_init_op.
INFO:tensorflow:Evaluation [10/100]
INFO:tensorflow:Evaluation [20/100]
INFO:tensorflow:Evaluation [30/100]
INFO:tensorflow:Evaluation [40/100]
INFO:tensorflow:Evaluation [50/100]
INFO:tensorflow:Evaluation [60/100]
INFO:tensorflow:Evaluation [70/100]
INFO:tensorflow:Evaluation [80/100]
INFO:tensorflow:Evaluation [90/100]
INFO:tensorflow:Evaluation [100/100]
INFO:tensorflow:Finished evaluation at 2024-03-23-20:05:31
INFO:tensorflow:Saving dict for global step 10000: global_step = 10000, loss = 1.2263823, masked_lm_accuracy = 0.842, masked_lm_loss = 0.93671143, next_sentence_accuracy = 0.8825, next_sentence_loss = 0.2896713
INFO:tensorflow:Saving 'checkpoint_path' summary for global step 10000: ../models/Original/S2/model.ckpt-10000
INFO:tensorflow:evaluation_loop marked as finished
INFO:tensorflow:***** Eval results *****
INFO:tensorflow:  global_step = 10000
INFO:tensorflow:  loss = 1.2263823
INFO:tensorflow:  masked_lm_accuracy = 0.842
INFO:tensorflow:  masked_lm_loss = 0.93671143
INFO:tensorflow:  next_sentence_accuracy = 0.8825
INFO:tensorflow:  next_sentence_loss = 0.2896713
